#
# There is insufficient memory for the Java Runtime Environment to continue.
# Native memory allocation (malloc) failed to allocate 1224336 bytes for Chunk::new
# Possible reasons:
#   The system is out of physical RAM or swap space
#   In 32 bit mode, the process size limit was hit
# Possible solutions:
#   Reduce memory load on the system
#   Increase physical memory or swap space
#   Check if swap backing store is full
#   Use 64 bit Java on a 64 bit OS
#   Decrease Java heap size (-Xmx/-Xms)
#   Decrease number of Java threads
#   Decrease Java thread stack sizes (-Xss)
#   Set larger code cache with -XX:ReservedCodeCacheSize=
# This output file may be truncated or incomplete.
#
#  Out of Memory Error (allocation.cpp:390), pid=15740, tid=0x0000000000003560
#
# JRE version: OpenJDK Runtime Environment (8.0_152-b01) (build 1.8.0_152-release-1343-b01)
# Java VM: OpenJDK 64-Bit Server VM (25.152-b01 mixed mode windows-amd64 compressed oops)
# Failed to write core dump. Minidumps are not enabled by default on client versions of Windows
#

---------------  T H R E A D  ---------------

Current thread (0x0000000017ff2000):  JavaThread "C2 CompilerThread1" daemon [_thread_in_native, id=13664, stack(0x00000000186a0000,0x00000000187a0000)]

Stack: [0x00000000186a0000,0x00000000187a0000]
[error occurred during error reporting (printing stack bounds), id 0xc0000005]

Native frames: (J=compiled Java code, j=interpreted, Vv=VM code, C=native code)


Current CompileTask:
C2:17455557 67751       4       com.android.tools.r8.ir.code.Phi::removeTrivialPhi (353 bytes)


---------------  P R O C E S S  ---------------

Java Threads: ( => current thread )
  0x000000001fda8800 JavaThread "ForkJoinPool.commonPool-worker-0" daemon [_thread_in_Java, id=10020, stack(0x0000000042810000,0x0000000042910000)]
  0x0000000019a07800 JavaThread "Cache worker for Java compile cache (E:\Projects\Android\bangguo\.gradle\5.1.1\javaCompile)" [_thread_blocked, id=3264, stack(0x0000000042710000,0x0000000042810000)]
  0x0000000019a04800 JavaThread "stdout" daemon [_thread_in_native, id=10496, stack(0x0000000042610000,0x0000000042710000)]
  0x000000002bdc5800 JavaThread "stderr" daemon [_thread_in_native, id=9904, stack(0x0000000042510000,0x0000000042610000)]
  0x000000002bdca800 JavaThread "stdout" daemon [_thread_in_native, id=16016, stack(0x0000000042410000,0x0000000042510000)]
  0x000000002bdc6000 JavaThread "stderr" daemon [_thread_in_native, id=10948, stack(0x0000000042310000,0x0000000042410000)]
  0x000000002bdbe000 JavaThread "stdout" daemon [_thread_in_native, id=14148, stack(0x0000000042210000,0x0000000042310000)]
  0x0000000029531000 JavaThread "stderr" daemon [_thread_in_native, id=6308, stack(0x0000000042110000,0x0000000042210000)]
  0x0000000029537800 JavaThread "ForkJoinPool.commonPool-worker-3" daemon [_thread_in_vm, id=12780, stack(0x0000000042010000,0x0000000042110000)]
  0x0000000029530000 JavaThread "pool-273-thread-1" [_thread_blocked, id=8316, stack(0x0000000041f10000,0x0000000042010000)]
  0x000000001a909000 JavaThread "ForkJoinPool.commonPool-worker-1" daemon [_thread_in_Java, id=8620, stack(0x0000000041d10000,0x0000000041e10000)]
  0x000000001a908800 JavaThread "Cache worker for execution history cache (E:\Projects\Android\bangguo\.gradle\5.1.1\executionHistory)" [_thread_blocked, id=12728, stack(0x0000000041c10000,0x0000000041d10000)]
  0x000000001a904800 JavaThread "Execution worker for ':' Thread 3" [_thread_blocked, id=14700, stack(0x0000000041b10000,0x0000000041c10000)]
  0x000000001a900000 JavaThread "Execution worker for ':' Thread 2" [_thread_blocked, id=15060, stack(0x0000000041a10000,0x0000000041b10000)]
  0x000000001a901000 JavaThread "Execution worker for ':'" [_thread_blocked, id=10536, stack(0x0000000041910000,0x0000000041a10000)]
  0x000000001a906000 JavaThread "Cache worker for file content cache (E:\Projects\Android\bangguo\.gradle\5.1.1\fileContent)" [_thread_blocked, id=7552, stack(0x0000000041810000,0x0000000041910000)]
  0x000000001a904000 JavaThread "Cache worker for Build Output Cleanup Cache (E:\Projects\Android\bangguo\.gradle\buildOutputCleanup)" [_thread_blocked, id=14204, stack(0x0000000041710000,0x0000000041810000)]
  0x0000000029391800 JavaThread "pool-272-thread-1" [_thread_blocked, id=12324, stack(0x0000000041610000,0x0000000041710000)]
  0x0000000029394800 JavaThread "Build operations Thread 4" [_thread_blocked, id=10560, stack(0x0000000041510000,0x0000000041610000)]
  0x0000000029398800 JavaThread "Build operations Thread 3" [_thread_blocked, id=1376, stack(0x0000000041410000,0x0000000041510000)]
  0x000000002938c800 JavaThread "Build operations Thread 2" [_thread_blocked, id=12980, stack(0x0000000041310000,0x0000000041410000)]
  0x0000000029393000 JavaThread "Build operations" [_thread_blocked, id=15996, stack(0x0000000041210000,0x0000000041310000)]
  0x0000000029391000 JavaThread "Cache worker for cache directory md-rule (C:\Users\Administrator\.gradle\caches\5.1.1\md-rule)" [_thread_blocked, id=14892, stack(0x0000000041110000,0x0000000041210000)]
  0x000000002938d000 JavaThread "Cache worker for cache directory md-supplier (C:\Users\Administrator\.gradle\caches\5.1.1\md-supplier)" [_thread_blocked, id=16424, stack(0x0000000041010000,0x0000000041110000)]
  0x000000002938a000 JavaThread "Cache worker for file hash cache (E:\Projects\Android\bangguo\.gradle\5.1.1\fileHashes)" [_thread_blocked, id=10524, stack(0x0000000040f10000,0x0000000041010000)]
  0x000000002938b800 JavaThread "Thread-2696" [_thread_blocked, id=14428, stack(0x0000000040e10000,0x0000000040f10000)]
  0x0000000029389800 JavaThread "Stdin handler" [_thread_blocked, id=15156, stack(0x0000000040d10000,0x0000000040e10000)]
  0x000000002938e800 JavaThread "Asynchronous log dispatcher for DefaultDaemonConnection: socket connection from /127.0.0.1:50949 to /127.0.0.1:60974" [_thread_blocked, id=1372, stack(0x0000000040c10000,0x0000000040d10000)]
  0x000000002938e000 JavaThread "Daemon worker Thread 63" [_thread_blocked, id=948, stack(0x0000000040b10000,0x0000000040c10000)]
  0x000000001fdb0000 JavaThread "Cancel handler" [_thread_blocked, id=7988, stack(0x0000000040a10000,0x0000000040b10000)]
  0x000000001fdac800 JavaThread "Handler for socket connection from /127.0.0.1:50949 to /127.0.0.1:60974" [_thread_in_native, id=13152, stack(0x0000000040910000,0x0000000040a10000)]
  0x000000001fdb3000 JavaThread "Daemon Thread 63" [_thread_blocked, id=2356, stack(0x0000000040810000,0x0000000040910000)]
  0x000000002bdc3000 JavaThread "google-crash-pool-0" daemon [_thread_blocked, id=13576, stack(0x0000000055fd0000,0x00000000560d0000)]
  0x000000001fdaa000 JavaThread "google-crash-pool-0" daemon [_thread_blocked, id=13320, stack(0x000000004cad0000,0x000000004cbd0000)]
  0x000000001a8fb800 JavaThread "Cache worker for Java compile cache (C:\Users\Administrator\.gradle\caches\5.1.1\javaCompile)" [_thread_blocked, id=12228, stack(0x000000002ded0000,0x000000002dfd0000)]
  0x000000001a905800 JavaThread "Cache worker for file content cache (C:\Users\Administrator\.gradle\caches\5.1.1\fileContent)" [_thread_blocked, id=12964, stack(0x0000000026600000,0x0000000026700000)]
  0x000000001a901800 JavaThread "Memory manager" [_thread_blocked, id=15868, stack(0x0000000023950000,0x0000000023a50000)]
  0x0000000019a03800 JavaThread "Cache worker for execution history cache (C:\Users\Administrator\.gradle\caches\5.1.1\executionHistory)" [_thread_blocked, id=12712, stack(0x00000000203d0000,0x00000000204d0000)]
  0x0000000019a03000 JavaThread "Cache worker for journal cache (C:\Users\Administrator\.gradle\caches\journal-1)" [_thread_blocked, id=12904, stack(0x000000001c1f0000,0x000000001c2f0000)]
  0x0000000019a9e800 JavaThread "File lock request listener" [_thread_in_native, id=15096, stack(0x000000001c0f0000,0x000000001c1f0000)]
  0x0000000019ab3800 JavaThread "Cache worker for file hash cache (C:\Users\Administrator\.gradle\caches\5.1.1\fileHashes)" [_thread_blocked, id=4888, stack(0x000000001bff0000,0x000000001c0f0000)]
  0x000000001a2d9800 JavaThread "Daemon periodic checks" [_thread_blocked, id=14448, stack(0x000000001b5f0000,0x000000001b6f0000)]
  0x000000001a288800 JavaThread "Incoming local TCP Connector on port 50949" [_thread_in_native, id=14916, stack(0x000000001b440000,0x000000001b540000)]
  0x000000001803b000 JavaThread "Service Thread" daemon [_thread_blocked, id=3492, stack(0x00000000188a0000,0x00000000189a0000)]
  0x0000000017ff5800 JavaThread "C1 CompilerThread2" daemon [_thread_blocked, id=15188, stack(0x00000000187a0000,0x00000000188a0000)]
=>0x0000000017ff2000 JavaThread "C2 CompilerThread1" daemon [_thread_in_native, id=13664, stack(0x00000000186a0000,0x00000000187a0000)]
  0x0000000016c3a000 JavaThread "C2 CompilerThread0" daemon [_thread_in_native, id=16880, stack(0x00000000185a0000,0x00000000186a0000)]
  0x0000000016bef000 JavaThread "Attach Listener" daemon [_thread_blocked, id=8988, stack(0x00000000184a0000,0x00000000185a0000)]
  0x0000000017fa8800 JavaThread "Signal Dispatcher" daemon [_thread_blocked, id=7288, stack(0x00000000183a0000,0x00000000184a0000)]
  0x000000000326c800 JavaThread "Finalizer" daemon [_thread_blocked, id=9024, stack(0x0000000017e40000,0x0000000017f40000)]
  0x0000000016ba8000 JavaThread "Reference Handler" daemon [_thread_blocked, id=9032, stack(0x0000000017d40000,0x0000000017e40000)]
  0x0000000003172800 JavaThread "main" [_thread_blocked, id=11096, stack(0x0000000003070000,0x0000000003170000)]

Other Threads:
  0x0000000016ba6800 VMThread [stack: 0x0000000017c40000,0x0000000017d40000] [id=8984]
  0x000000001803c000 WatcherThread [stack: 0x00000000189a0000,0x0000000018aa0000] [id=3256]

VM state:not at safepoint (normal execution)

VM Mutex/Monitor currently owned by a thread: None

Heap:
 PSYoungGen      total 441344K, used 96253K [0x00000000e0000000, 0x00000000ffe00000, 0x0000000100000000)
  eden space 371200K, 23% used [0x00000000e0000000,0x00000000e5414ec8,0x00000000f6a80000)
  from space 70144K, 14% used [0x00000000f6a80000,0x00000000f746a8c0,0x00000000faf00000)
  to   space 67072K, 0% used [0x00000000fbc80000,0x00000000fbc80000,0x00000000ffe00000)
 ParOldGen       total 883712K, used 580602K [0x00000000a0000000, 0x00000000d5f00000, 0x00000000e0000000)
  object space 883712K, 65% used [0x00000000a0000000,0x00000000c36feaf8,0x00000000d5f00000)
 Metaspace       used 235520K, capacity 251218K, committed 264128K, reserved 1280000K
  class space    used 28518K, capacity 31926K, committed 34304K, reserved 1048576K

Card table byte_map: [0x0000000012630000,0x0000000012940000] byte_map_base: 0x0000000012130000

Marking Bits: (ParMarkBitMap*) 0x000000005b485aa0
 Begin Bits: [0x0000000012f40000, 0x0000000014740000)
 End Bits:   [0x0000000014740000, 0x0000000015f40000)

Polling page: 0x0000000000bf0000

CodeCache: size=245760Kb used=168273Kb max_used=168479Kb free=77486Kb
 bounds [0x0000000003270000, 0x000000000d840000, 0x0000000012270000]
 total_blobs=44493 nmethods=43545 adapters=856
 compilation: enabled

Compilation events (10 events):
Event: 17452.520 Thread 0x0000000017ff5800 67778       3       com.android.tools.r8.graph.DexProgramClass::hasReachabilitySensitiveAnnotation (338 bytes)
Event: 17452.521 Thread 0x0000000017ff5800 nmethod 67778 0x00000000071d7990 code [0x00000000071d7ba0, 0x00000000071d84d0]
Event: 17452.525 Thread 0x0000000017ff5800 67780       1       com.android.tools.r8.ir.code.NumberConversion::asNumberConversion (2 bytes)
Event: 17452.525 Thread 0x0000000017ff5800 nmethod 67780 0x000000000cc22f10 code [0x000000000cc23060, 0x000000000cc23170]
Event: 17452.543 Thread 0x0000000017ff5800 67783       3       com.android.tools.r8.ir.regalloc.LinearScanRegisterAllocator::allocateLinkedIntervals (379 bytes)
Event: 17452.545 Thread 0x0000000017ff5800 nmethod 67783 0x000000000cf9c590 code [0x000000000cf9c9e0, 0x000000000cf9eeb8]
Event: 17452.587 Thread 0x0000000017ff5800 67785       3       com.android.tools.r8.ir.optimize.ConstantCanonicalizer::lambda$canonicalize$3 (143 bytes)
Event: 17452.588 Thread 0x0000000017ff5800 nmethod 67785 0x000000000ce8ccd0 code [0x000000000ce8d020, 0x000000000ce8eec8]
Event: 17452.648 Thread 0x0000000017ff5800 67787       3       com.android.tools.r8.ir.regalloc.LinearScanRegisterAllocator::linkArgumentValuesAndIntervals (82 bytes)
Event: 17452.649 Thread 0x0000000017ff5800 nmethod 67787 0x000000000cf537d0 code [0x000000000cf539c0, 0x000000000cf543e8]

GC Heap History (10 events):
Event: 17449.368 GC heap before
{Heap before GC invocations=302 (full 11):
 PSYoungGen      total 416768K, used 337345K [0x00000000e0000000, 0x00000000ff280000, 0x0000000100000000)
  eden space 331264K, 100% used [0x00000000e0000000,0x00000000f4380000,0x00000000f4380000)
  from space 85504K, 7% used [0x00000000f9f00000,0x00000000fa4f0690,0x00000000ff280000)
  to   space 89600K, 0% used [0x00000000f4380000,0x00000000f4380000,0x00000000f9b00000)
 ParOldGen       total 883712K, used 533496K [0x00000000a0000000, 0x00000000d5f00000, 0x00000000e0000000)
  object space 883712K, 60% used [0x00000000a0000000,0x00000000c08fe390,0x00000000d5f00000)
 Metaspace       used 235440K, capacity 251128K, committed 264128K, reserved 1280000K
  class space    used 28517K, capacity 31923K, committed 34304K, reserved 1048576K
Event: 17449.394 GC heap after
Heap after GC invocations=302 (full 11):
 PSYoungGen      total 420864K, used 12710K [0x00000000e0000000, 0x00000000ffa00000, 0x0000000100000000)
  eden space 331264K, 0% used [0x00000000e0000000,0x00000000e0000000,0x00000000f4380000)
  from space 89600K, 14% used [0x00000000f4380000,0x00000000f4fe9ac8,0x00000000f9b00000)
  to   space 84480K, 0% used [0x00000000fa780000,0x00000000fa780000,0x00000000ffa00000)
 ParOldGen       total 883712K, used 538784K [0x00000000a0000000, 0x00000000d5f00000, 0x00000000e0000000)
  object space 883712K, 60% used [0x00000000a0000000,0x00000000c0e282c8,0x00000000d5f00000)
 Metaspace       used 235440K, capacity 251128K, committed 264128K, reserved 1280000K
  class space    used 28517K, capacity 31923K, committed 34304K, reserved 1048576K
}
Event: 17450.058 GC heap before
{Heap before GC invocations=303 (full 11):
 PSYoungGen      total 420864K, used 343974K [0x00000000e0000000, 0x00000000ffa00000, 0x0000000100000000)
  eden space 331264K, 100% used [0x00000000e0000000,0x00000000f4380000,0x00000000f4380000)
  from space 89600K, 14% used [0x00000000f4380000,0x00000000f4fe9ac8,0x00000000f9b00000)
  to   space 84480K, 0% used [0x00000000fa780000,0x00000000fa780000,0x00000000ffa00000)
 ParOldGen       total 883712K, used 538784K [0x00000000a0000000, 0x00000000d5f00000, 0x00000000e0000000)
  object space 883712K, 60% used [0x00000000a0000000,0x00000000c0e282c8,0x00000000d5f00000)
 Metaspace       used 235464K, capacity 251132K, committed 264128K, reserved 1280000K
  class space    used 28517K, capacity 31923K, committed 34304K, reserved 1048576K
Event: 17450.091 GC heap after
Heap after GC invocations=303 (full 11):
 PSYoungGen      total 424448K, used 19437K [0x00000000e0000000, 0x00000000ff000000, 0x0000000100000000)
  eden space 350208K, 0% used [0x00000000e0000000,0x00000000e0000000,0x00000000f5600000)
  from space 74240K, 26% used [0x00000000fa780000,0x00000000fba7b580,0x00000000ff000000)
  to   space 78848K, 0% used [0x00000000f5600000,0x00000000f5600000,0x00000000fa300000)
 ParOldGen       total 883712K, used 545708K [0x00000000a0000000, 0x00000000d5f00000, 0x00000000e0000000)
  object space 883712K, 61% used [0x00000000a0000000,0x00000000c14eb0b0,0x00000000d5f00000)
 Metaspace       used 235464K, capacity 251132K, committed 264128K, reserved 1280000K
  class space    used 28517K, capacity 31923K, committed 34304K, reserved 1048576K
}
Event: 17450.751 GC heap before
{Heap before GC invocations=304 (full 11):
 PSYoungGen      total 424448K, used 369645K [0x00000000e0000000, 0x00000000ff000000, 0x0000000100000000)
  eden space 350208K, 100% used [0x00000000e0000000,0x00000000f5600000,0x00000000f5600000)
  from space 74240K, 26% used [0x00000000fa780000,0x00000000fba7b580,0x00000000ff000000)
  to   space 78848K, 0% used [0x00000000f5600000,0x00000000f5600000,0x00000000fa300000)
 ParOldGen       total 883712K, used 545708K [0x00000000a0000000, 0x00000000d5f00000, 0x00000000e0000000)
  object space 883712K, 61% used [0x00000000a0000000,0x00000000c14eb0b0,0x00000000d5f00000)
 Metaspace       used 235491K, capacity 251132K, committed 264128K, reserved 1280000K
  class space    used 28517K, capacity 31923K, committed 34304K, reserved 1048576K
Event: 17450.771 GC heap after
Heap after GC invocations=304 (full 11):
 PSYoungGen      total 429056K, used 14516K [0x00000000e0000000, 0x00000000ffb80000, 0x0000000100000000)
  eden space 350208K, 0% used [0x00000000e0000000,0x00000000e0000000,0x00000000f5600000)
  from space 78848K, 18% used [0x00000000f5600000,0x00000000f642d068,0x00000000fa300000)
  to   space 74240K, 0% used [0x00000000fb300000,0x00000000fb300000,0x00000000ffb80000)
 ParOldGen       total 883712K, used 556713K [0x00000000a0000000, 0x00000000d5f00000, 0x00000000e0000000)
  object space 883712K, 62% used [0x00000000a0000000,0x00000000c1faa7a8,0x00000000d5f00000)
 Metaspace       used 235491K, capacity 251132K, committed 264128K, reserved 1280000K
  class space    used 28517K, capacity 31923K, committed 34304K, reserved 1048576K
}
Event: 17451.541 GC heap before
{Heap before GC invocations=305 (full 11):
 PSYoungGen      total 429056K, used 364724K [0x00000000e0000000, 0x00000000ffb80000, 0x0000000100000000)
  eden space 350208K, 100% used [0x00000000e0000000,0x00000000f5600000,0x00000000f5600000)
  from space 78848K, 18% used [0x00000000f5600000,0x00000000f642d068,0x00000000fa300000)
  to   space 74240K, 0% used [0x00000000fb300000,0x00000000fb300000,0x00000000ffb80000)
 ParOldGen       total 883712K, used 556713K [0x00000000a0000000, 0x00000000d5f00000, 0x00000000e0000000)
  object space 883712K, 62% used [0x00000000a0000000,0x00000000c1faa7a8,0x00000000d5f00000)
 Metaspace       used 235507K, capacity 251154K, committed 264128K, reserved 1280000K
  class space    used 28518K, capacity 31926K, committed 34304K, reserved 1048576K
Event: 17451.575 GC heap after
Heap after GC invocations=305 (full 11):
 PSYoungGen      total 437248K, used 13264K [0x00000000e0000000, 0x00000000ff380000, 0x0000000100000000)
  eden space 371200K, 0% used [0x00000000e0000000,0x00000000e0000000,0x00000000f6a80000)
  from space 66048K, 20% used [0x00000000fb300000,0x00000000fbff43c0,0x00000000ff380000)
  to   space 70144K, 0% used [0x00000000f6a80000,0x00000000f6a80000,0x00000000faf00000)
 ParOldGen       total 883712K, used 568928K [0x00000000a0000000, 0x00000000d5f00000, 0x00000000e0000000)
  object space 883712K, 64% used [0x00000000a0000000,0x00000000c2b98108,0x00000000d5f00000)
 Metaspace       used 235507K, capacity 251154K, committed 264128K, reserved 1280000K
  class space    used 28518K, capacity 31926K, committed 34304K, reserved 1048576K
}
Event: 17452.483 GC heap before
{Heap before GC invocations=306 (full 11):
 PSYoungGen      total 437248K, used 384464K [0x00000000e0000000, 0x00000000ff380000, 0x0000000100000000)
  eden space 371200K, 100% used [0x00000000e0000000,0x00000000f6a80000,0x00000000f6a80000)
  from space 66048K, 20% used [0x00000000fb300000,0x00000000fbff43c0,0x00000000ff380000)
  to   space 70144K, 0% used [0x00000000f6a80000,0x00000000f6a80000,0x00000000faf00000)
 ParOldGen       total 883712K, used 568928K [0x00000000a0000000, 0x00000000d5f00000, 0x00000000e0000000)
  object space 883712K, 64% used [0x00000000a0000000,0x00000000c2b98108,0x00000000d5f00000)
 Metaspace       used 235520K, capacity 251218K, committed 264128K, reserved 1280000K
  class space    used 28518K, capacity 31926K, committed 34304K, reserved 1048576K
Event: 17452.509 GC heap after
Heap after GC invocations=306 (full 11):
 PSYoungGen      total 441344K, used 10154K [0x00000000e0000000, 0x00000000ffe00000, 0x0000000100000000)
  eden space 371200K, 0% used [0x00000000e0000000,0x00000000e0000000,0x00000000f6a80000)
  from space 70144K, 14% used [0x00000000f6a80000,0x00000000f746a8c0,0x00000000faf00000)
  to   space 67072K, 0% used [0x00000000fbc80000,0x00000000fbc80000,0x00000000ffe00000)
 ParOldGen       total 883712K, used 580602K [0x00000000a0000000, 0x00000000d5f00000, 0x00000000e0000000)
  object space 883712K, 65% used [0x00000000a0000000,0x00000000c36feaf8,0x00000000d5f00000)
 Metaspace       used 235520K, capacity 251218K, committed 264128K, reserved 1280000K
  class space    used 28518K, capacity 31926K, committed 34304K, reserved 1048576K
}

Deoptimization events (10 events):
Event: 17448.728 Thread 0x000000001a909000 Uncommon trap: reason=null_assert action=make_not_entrant pc=0x000000000a54469c method=com.android.tools.r8.ir.code.Value.getLocalInfo()Lcom/android/tools/r8/graph/DebugLocalInfo; @ 4
Event: 17448.880 Thread 0x0000000029537800 Uncommon trap: reason=unstable_if action=reinterpret pc=0x000000000d4a4dcc method=com.android.tools.r8.ir.code.Position.equals(Ljava/lang/Object;)Z @ 27
Event: 17449.426 Thread 0x0000000029537800 Uncommon trap: reason=class_check action=maybe_recompile pc=0x000000000d61c7c4 method=com.android.tools.r8.ir.analysis.constant.SparseConditionalConstantPropagation.addFlowEdgesForJumpInstruction(Lcom/android/tools/r8/ir/code/JumpInstruction;)V @ 309
Event: 17449.931 Thread 0x000000001a909000 Uncommon trap: reason=unstable_if action=reinterpret pc=0x000000000cbb819c method=com.android.tools.r8.ir.optimize.BasicBlockInstructionsEquivalence.hasIdenticalInstructions(Lcom/android/tools/r8/ir/code/BasicBlock;Lcom/android/tools/r8/ir/code/BasicBlock
Event: 17451.127 Thread 0x0000000029537800 Uncommon trap: reason=class_check action=maybe_recompile pc=0x000000000cf7ea04 method=com.android.tools.r8.ir.optimize.MoveEliminator.shouldBeEliminated(Lcom/android/tools/r8/ir/code/Instruction;)Z @ 8
Event: 17451.127 Thread 0x0000000029537800 Uncommon trap: reason=class_check action=maybe_recompile pc=0x000000000cf7ea04 method=com.android.tools.r8.ir.optimize.MoveEliminator.shouldBeEliminated(Lcom/android/tools/r8/ir/code/Instruction;)Z @ 8
Event: 17451.140 Thread 0x000000001a909000 Uncommon trap: reason=class_check action=maybe_recompile pc=0x000000000cf7ea04 method=com.android.tools.r8.ir.optimize.MoveEliminator.shouldBeEliminated(Lcom/android/tools/r8/ir/code/Instruction;)Z @ 8
Event: 17451.178 Thread 0x0000000029537800 Uncommon trap: reason=class_check action=maybe_recompile pc=0x000000000cf7ea04 method=com.android.tools.r8.ir.optimize.MoveEliminator.shouldBeEliminated(Lcom/android/tools/r8/ir/code/Instruction;)Z @ 8
Event: 17452.533 Thread 0x000000001fda8800 Uncommon trap: reason=class_check action=maybe_recompile pc=0x000000000d834628 method=com.android.tools.r8.ir.optimize.MoveEliminator.shouldBeEliminated(Lcom/android/tools/r8/ir/code/Instruction;)Z @ 83
Event: 17452.533 Thread 0x000000001fda8800 Uncommon trap: reason=class_check action=maybe_recompile pc=0x000000000d834628 method=com.android.tools.r8.ir.optimize.MoveEliminator.shouldBeEliminated(Lcom/android/tools/r8/ir/code/Instruction;)Z @ 83

Classes redefined (0 events):
No events

Internal exceptions (10 events):
Event: 17445.978 Thread 0x000000001a904800 Exception <a 'sun/nio/fs/WindowsException'> (0x00000000e4af3d38) thrown at [D:\src\AOSP-openjdk-cygwin\jdk8u\hotspot\src\share\vm\prims\jni.cpp, line 709]
Event: 17446.066 Thread 0x000000001a904800 Exception <a 'sun/nio/fs/WindowsException'> (0x00000000e885d6a0) thrown at [D:\src\AOSP-openjdk-cygwin\jdk8u\hotspot\src\share\vm\prims\jni.cpp, line 709]
Event: 17446.178 Thread 0x000000001a904800 Exception <a 'sun/nio/fs/WindowsException'> (0x00000000ec5a5600) thrown at [D:\src\AOSP-openjdk-cygwin\jdk8u\hotspot\src\share\vm\prims\jni.cpp, line 709]
Event: 17446.275 Thread 0x000000001a904800 Exception <a 'sun/nio/fs/WindowsException'> (0x00000000ef4e04d8) thrown at [D:\src\AOSP-openjdk-cygwin\jdk8u\hotspot\src\share\vm\prims\jni.cpp, line 709]
Event: 17446.280 Thread 0x000000001a904800 Exception <a 'sun/nio/fs/WindowsException'> (0x00000000ef82d7e8) thrown at [D:\src\AOSP-openjdk-cygwin\jdk8u\hotspot\src\share\vm\prims\jni.cpp, line 709]
Event: 17446.288 Thread 0x000000001a904800 Exception <a 'sun/nio/fs/WindowsException'> (0x00000000efc05c20) thrown at [D:\src\AOSP-openjdk-cygwin\jdk8u\hotspot\src\share\vm\prims\jni.cpp, line 709]
Event: 17446.296 Thread 0x000000001a904800 Exception <a 'sun/nio/fs/WindowsException'> (0x00000000f02a0708) thrown at [D:\src\AOSP-openjdk-cygwin\jdk8u\hotspot\src\share\vm\prims\jni.cpp, line 709]
Event: 17446.564 Thread 0x0000000029537800 Implicit null exception at 0x0000000003d9f911 to 0x0000000003d9fa05
Event: 17446.564 Thread 0x0000000029537800 Implicit null exception at 0x000000000c9b3b88 to 0x000000000c9b4e1d
Event: 17446.640 Thread 0x000000001fda8800 Implicit null exception at 0x000000000b0aead1 to 0x000000000b0aeb2d

Events (10 events):
Event: 17452.547 Thread 0x000000001a909000 DEOPT PACKING pc=0x000000000d46bd2a sp=0x0000000041e0d840
Event: 17452.547 Thread 0x000000001a909000 DEOPT UNPACKING pc=0x00000000032b75d0 sp=0x0000000041e0d5c8 mode 0
Event: 17452.585 Thread 0x000000001fda8800 DEOPT PACKING pc=0x000000000d483b42 sp=0x000000004290e1e0
Event: 17452.586 Thread 0x000000001fda8800 DEOPT UNPACKING pc=0x00000000032b75d0 sp=0x000000004290e058 mode 0
Event: 17452.606 Thread 0x000000001a909000 DEOPT PACKING pc=0x000000000d46bd2a sp=0x0000000041e0d390
Event: 17452.606 Thread 0x000000001a909000 DEOPT UNPACKING pc=0x00000000032b75d0 sp=0x0000000041e0d118 mode 0
Event: 17452.608 Thread 0x000000001a909000 DEOPT PACKING pc=0x000000000d01c905 sp=0x0000000041e0e110
Event: 17452.608 Thread 0x000000001a909000 DEOPT UNPACKING pc=0x00000000032b75d0 sp=0x0000000041e0df40 mode 0
Event: 17452.622 Thread 0x000000001fda8800 DEOPT PACKING pc=0x000000000d01c905 sp=0x000000004290df40
Event: 17452.622 Thread 0x000000001fda8800 DEOPT UNPACKING pc=0x00000000032b75d0 sp=0x000000004290dd70 mode 0


Dynamic libraries:
0x00007ff7e1cf0000 - 0x00007ff7e1d21000 	D:\Program Files\Android\Android Studio\jre\bin\java.exe
0x00007ffcb35c0000 - 0x00007ffcb37a1000 	C:\WINDOWS\SYSTEM32\ntdll.dll
0x00007ffcb28a0000 - 0x00007ffcb2951000 	C:\WINDOWS\System32\KERNEL32.DLL
0x00007ffcb03e0000 - 0x00007ffcb0653000 	C:\WINDOWS\System32\KERNELBASE.dll
0x00007ffcb27f0000 - 0x00007ffcb2891000 	C:\WINDOWS\System32\ADVAPI32.dll
0x00007ffcb0a50000 - 0x00007ffcb0aee000 	C:\WINDOWS\System32\msvcrt.dll
0x00007ffcb31e0000 - 0x00007ffcb323b000 	C:\WINDOWS\System32\sechost.dll
0x00007ffcb21e0000 - 0x00007ffcb2304000 	C:\WINDOWS\System32\RPCRT4.dll
0x00007ffcb2040000 - 0x00007ffcb21d0000 	C:\WINDOWS\System32\USER32.dll
0x00007ffcafc00000 - 0x00007ffcafc20000 	C:\WINDOWS\System32\win32u.dll
0x00007ffcb3240000 - 0x00007ffcb3268000 	C:\WINDOWS\System32\GDI32.dll
0x00007ffcb0700000 - 0x00007ffcb0891000 	C:\WINDOWS\System32\gdi32full.dll
0x00007ffcb0660000 - 0x00007ffcb06ff000 	C:\WINDOWS\System32\msvcp_win.dll
0x00007ffcb08a0000 - 0x00007ffcb0998000 	C:\WINDOWS\System32\ucrtbase.dll
0x00007ffca2870000 - 0x00007ffca2ad9000 	C:\WINDOWS\WinSxS\amd64_microsoft.windows.common-controls_6595b64144ccf1df_6.0.17134.885_none_fb42a3473065565f\COMCTL32.dll
0x00007ffcb2330000 - 0x00007ffcb2652000 	C:\WINDOWS\System32\combase.dll
0x00007ffcaf990000 - 0x00007ffcafa09000 	C:\WINDOWS\System32\bcryptPrimitives.dll
0x00007ffcb3270000 - 0x00007ffcb329d000 	C:\WINDOWS\System32\IMM32.DLL
0x000000005abe0000 - 0x000000005acb2000 	D:\Program Files\Android\Android Studio\jre\jre\bin\msvcr100.dll
0x000000005acc0000 - 0x000000005b501000 	D:\Program Files\Android\Android Studio\jre\jre\bin\server\jvm.dll
0x00007ffcb21d0000 - 0x00007ffcb21d8000 	C:\WINDOWS\System32\PSAPI.DLL
0x00007ffca1a10000 - 0x00007ffca1a19000 	C:\WINDOWS\SYSTEM32\WSOCK32.dll
0x00007ffcaaff0000 - 0x00007ffcaaffa000 	C:\WINDOWS\SYSTEM32\VERSION.dll
0x00007ffcadb30000 - 0x00007ffcadb53000 	C:\WINDOWS\SYSTEM32\WINMM.dll
0x00007ffcb3170000 - 0x00007ffcb31dc000 	C:\WINDOWS\System32\WS2_32.dll
0x00007ffcada10000 - 0x00007ffcada3a000 	C:\WINDOWS\SYSTEM32\WINMMBASE.dll
0x00007ffcafc80000 - 0x00007ffcafcc9000 	C:\WINDOWS\System32\cfgmgr32.dll
0x00007ffca5f50000 - 0x00007ffca5f5f000 	D:\Program Files\Android\Android Studio\jre\jre\bin\verify.dll
0x00007ffca2560000 - 0x00007ffca2589000 	D:\Program Files\Android\Android Studio\jre\jre\bin\java.dll
0x00007ffca2ae0000 - 0x00007ffca2af6000 	D:\Program Files\Android\Android Studio\jre\jre\bin\zip.dll
0x00007ffcb0b50000 - 0x00007ffcb1f90000 	C:\WINDOWS\System32\SHELL32.dll
0x00007ffcb1f90000 - 0x00007ffcb2039000 	C:\WINDOWS\System32\shcore.dll
0x00007ffcafcd0000 - 0x00007ffcb03dd000 	C:\WINDOWS\System32\windows.storage.dll
0x00007ffcb0af0000 - 0x00007ffcb0b41000 	C:\WINDOWS\System32\shlwapi.dll
0x00007ffcaf950000 - 0x00007ffcaf961000 	C:\WINDOWS\System32\kernel.appcore.dll
0x00007ffcaf970000 - 0x00007ffcaf98f000 	C:\WINDOWS\System32\profapi.dll
0x00007ffcaf900000 - 0x00007ffcaf94c000 	C:\WINDOWS\System32\powrprof.dll
0x00007ffcaf8f0000 - 0x00007ffcaf8fa000 	C:\WINDOWS\System32\FLTLIB.DLL
0x00007ffca2540000 - 0x00007ffca255a000 	D:\Program Files\Android\Android Studio\jre\jre\bin\net.dll
0x00007ffcaf0d0000 - 0x00007ffcaf136000 	C:\WINDOWS\system32\mswsock.dll
0x00007ffca2520000 - 0x00007ffca2531000 	D:\Program Files\Android\Android Studio\jre\jre\bin\nio.dll
0x00007ffcabed0000 - 0x00007ffcabeee000 	C:\Users\Administrator\.gradle\native\25\windows-amd64\native-platform.dll
0x00007ffca5c20000 - 0x00007ffca5c2d000 	D:\Program Files\Android\Android Studio\jre\jre\bin\management.dll
0x00007ffcaf280000 - 0x00007ffcaf297000 	C:\WINDOWS\SYSTEM32\CRYPTSP.dll
0x00007ffcaecc0000 - 0x00007ffcaecf3000 	C:\WINDOWS\system32\rsaenh.dll
0x00007ffcaf3b0000 - 0x00007ffcaf3d5000 	C:\WINDOWS\SYSTEM32\bcrypt.dll
0x00007ffcaf800000 - 0x00007ffcaf828000 	C:\WINDOWS\SYSTEM32\USERENV.dll
0x00007ffcaf2a0000 - 0x00007ffcaf2ab000 	C:\WINDOWS\SYSTEM32\CRYPTBASE.dll
0x00007ffcaee60000 - 0x00007ffcaee98000 	C:\WINDOWS\SYSTEM32\IPHLPAPI.DLL
0x00007ffcb2730000 - 0x00007ffcb2738000 	C:\WINDOWS\System32\NSI.dll
0x00007ffca95b0000 - 0x00007ffca95c6000 	C:\WINDOWS\SYSTEM32\dhcpcsvc6.DLL
0x00007ffca9570000 - 0x00007ffca958a000 	C:\WINDOWS\SYSTEM32\dhcpcsvc.DLL
0x00007ffc9f130000 - 0x00007ffc9f154000 	D:\Program Files\Android\Android Studio\jre\jre\bin\sunec.dll
0x00007ffcaeea0000 - 0x00007ffcaef5e000 	C:\WINDOWS\SYSTEM32\DNSAPI.dll
0x00007ffca6930000 - 0x00007ffca693a000 	C:\Windows\System32\rasadhlp.dll
0x00007ffca6690000 - 0x00007ffca6702000 	C:\WINDOWS\System32\fwpuclnt.dll
0x00007ffca24f0000 - 0x00007ffca24fb000 	D:\Program Files\Android\Android Studio\jre\jre\bin\sunmscapi.dll
0x00007ffcafa10000 - 0x00007ffcafbf2000 	C:\WINDOWS\System32\CRYPT32.dll
0x00007ffcaf8d0000 - 0x00007ffcaf8e2000 	C:\WINDOWS\System32\MSASN1.dll
0x00007ffcadc80000 - 0x00007ffcadd0b000 	C:\WINDOWS\system32\apphelp.dll
0x00007ffcae9b0000 - 0x00007ffcae9e1000 	C:\WINDOWS\SYSTEM32\ntmarta.dll
0x00007ffc8cc10000 - 0x00007ffc8cda8000 	D:\Program Files\Android\Android Studio\jre\jre\bin\awt.dll
0x00007ffcb2660000 - 0x00007ffcb2722000 	C:\WINDOWS\System32\OLEAUT32.dll
0x00007ffcacb70000 - 0x00007ffcad137000 	C:\WINDOWS\SYSTEM32\d2d1.dll

VM Arguments:
jvm_args: -Xmx1536m -Dfile.encoding=GBK -Duser.country=CN -Duser.language=zh -Duser.variant 
java_command: org.gradle.launcher.daemon.bootstrap.GradleDaemon 5.1.1
java_class_path (initial): C:\Users\Administrator\.gradle\wrapper\dists\gradle-5.1.1-all\97z1ksx6lirer3kbvdnh7jtjg\gradle-5.1.1\lib\gradle-launcher-5.1.1.jar
Launcher Type: SUN_STANDARD

Environment Variables:
JAVA_HOME=C:\Program Files\Java\jdk1.8.0_131
CLASSPATH=.;C:\Program Files\Java\jdk1.8.0_131\lib\dt.jar;C:\Program Files\Java\jdk1.8.0_131\lib\tools.jar
USERNAME=Administrator
OS=Windows_NT
PROCESSOR_IDENTIFIER=Intel64 Family 6 Model 94 Stepping 3, GenuineIntel



---------------  S Y S T E M  ---------------

OS: Windows 10.0 , 64 bit Build 17134 (10.0.17134.753)

CPU:total 4 (initial active 4) (4 cores per cpu, 1 threads per core) family 6 model 94 stepping 3, cmov, cx8, fxsr, mmx, sse, sse2, sse3, ssse3, sse4.1, sse4.2, popcnt, avx, avx2, aes, clmul, erms, 3dnowpref, lzcnt, tsc, tscinvbit, bmi1, bmi2, adx

Memory: 4k page, physical 16674352k(6334104k free), swap 17722928k(4456k free)

vm_info: OpenJDK 64-Bit Server VM (25.152-b01) for windows-amd64 JRE (1.8.0_152-release-1343-b01), built by "builder" with MS VC++ 10.0 (VS2010)

time: Sat Sep 07 18:13:13 2019
elapsed time: 17452 seconds (0d 4h 50m 52s)

