#
# There is insufficient memory for the Java Runtime Environment to continue.
# Native memory allocation (malloc) failed to allocate 1968816 bytes for Chunk::new
# Possible reasons:
#   The system is out of physical RAM or swap space
#   In 32 bit mode, the process size limit was hit
# Possible solutions:
#   Reduce memory load on the system
#   Increase physical memory or swap space
#   Check if swap backing store is full
#   Use 64 bit Java on a 64 bit OS
#   Decrease Java heap size (-Xmx/-Xms)
#   Decrease number of Java threads
#   Decrease Java thread stack sizes (-Xss)
#   Set larger code cache with -XX:ReservedCodeCacheSize=
# This output file may be truncated or incomplete.
#
#  Out of Memory Error (allocation.cpp:390), pid=4692, tid=0x00000000000035cc
#
# JRE version: OpenJDK Runtime Environment (8.0_152-b01) (build 1.8.0_152-release-1343-b01)
# Java VM: OpenJDK 64-Bit Server VM (25.152-b01 mixed mode windows-amd64 compressed oops)
# Failed to write core dump. Minidumps are not enabled by default on client versions of Windows
#

---------------  T H R E A D  ---------------

Current thread (0x000000001633a000):  JavaThread "C2 CompilerThread0" daemon [_thread_in_native, id=13772, stack(0x0000000017cb0000,0x0000000017db0000)]

Stack: [0x0000000017cb0000,0x0000000017db0000]
[error occurred during error reporting (printing stack bounds), id 0xc0000005]

Native frames: (J=compiled Java code, j=interpreted, Vv=VM code, C=native code)


Current CompileTask:
C2:   9302 3846       4       com.sun.beans.TypeResolver::resolve (37 bytes)


---------------  P R O C E S S  ---------------

Java Threads: ( => current thread )
  0x000000001cd98000 JavaThread "Cache worker for Build Output Cleanup Cache (E:\Projects\Android\bangguo\.gradle\buildOutputCleanup)" [_thread_blocked, id=4872, stack(0x0000000021910000,0x0000000021a10000)]
  0x000000001cd95000 JavaThread "pool-1-thread-1" [_thread_blocked, id=13828, stack(0x0000000021810000,0x0000000021910000)]
  0x000000001cd8c000 JavaThread "File lock release action executor Thread 2" [_thread_blocked, id=8948, stack(0x0000000021710000,0x0000000021810000)]
  0x000000001cd92800 JavaThread "Build operations Thread 4" [_thread_blocked, id=20216, stack(0x0000000021610000,0x0000000021710000)]
  0x000000001cd8e000 JavaThread "Build operations Thread 3" [_thread_blocked, id=19348, stack(0x0000000021510000,0x0000000021610000)]
  0x000000001cd92000 JavaThread "Build operations Thread 2" [_thread_blocked, id=13748, stack(0x0000000021410000,0x0000000021510000)]
  0x000000001cd8d800 JavaThread "Build operations" [_thread_blocked, id=6860, stack(0x0000000021310000,0x0000000021410000)]
  0x000000001cd91000 JavaThread "Cache worker for execution history cache (C:\Users\Administrator\.gradle\caches\5.1.1\executionHistory)" [_thread_blocked, id=18116, stack(0x0000000020bc0000,0x0000000020cc0000)]
  0x000000001cd90800 JavaThread "Cache worker for cache directory md-rule (C:\Users\Administrator\.gradle\caches\5.1.1\md-rule)" [_thread_blocked, id=8952, stack(0x0000000020ac0000,0x0000000020bc0000)]
  0x000000001cd8b000 JavaThread "Cache worker for cache directory md-supplier (C:\Users\Administrator\.gradle\caches\5.1.1\md-supplier)" [_thread_blocked, id=10504, stack(0x00000000209c0000,0x0000000020ac0000)]
  0x00000000190cb000 JavaThread "File lock release action executor" [_thread_blocked, id=12568, stack(0x000000001f6f0000,0x000000001f7f0000)]
  0x00000000190ca800 JavaThread "Cache worker for file hash cache (E:\Projects\Android\bangguo\.gradle\5.1.1\fileHashes)" [_thread_blocked, id=17896, stack(0x000000001cdf0000,0x000000001cef0000)]
  0x00000000190c9800 JavaThread "Cache worker for journal cache (C:\Users\Administrator\.gradle\caches\journal-1)" [_thread_blocked, id=3200, stack(0x000000001ba20000,0x000000001bb20000)]
  0x0000000019ba5800 JavaThread "File lock request listener" [_thread_in_native, id=19080, stack(0x000000001b920000,0x000000001ba20000)]
  0x0000000019970000 JavaThread "Cache worker for file hash cache (C:\Users\Administrator\.gradle\caches\5.1.1\fileHashes)" [_thread_blocked, id=18136, stack(0x000000001b820000,0x000000001b920000)]
  0x00000000197e9800 JavaThread "Thread-8" [_thread_blocked, id=19704, stack(0x000000001b720000,0x000000001b820000)]
  0x00000000197e6800 JavaThread "Stdin handler" [_thread_blocked, id=18716, stack(0x000000001b620000,0x000000001b720000)]
  0x00000000197e5800 JavaThread "Asynchronous log dispatcher for DefaultDaemonConnection: socket connection from /127.0.0.1:59760 to /127.0.0.1:59761" [_thread_blocked, id=17388, stack(0x000000001b520000,0x000000001b620000)]
  0x0000000018d35800 JavaThread "Daemon worker" [_thread_in_vm, id=9016, stack(0x000000001b420000,0x000000001b520000)]
  0x0000000018d34000 JavaThread "Cancel handler" [_thread_blocked, id=15400, stack(0x000000001b320000,0x000000001b420000)]
  0x0000000019720000 JavaThread "Handler for socket connection from /127.0.0.1:59760 to /127.0.0.1:59761" [_thread_in_native, id=16644, stack(0x000000001b020000,0x000000001b120000)]
  0x000000001971d800 JavaThread "Daemon" [_thread_blocked, id=5656, stack(0x000000001af20000,0x000000001b020000)]
  0x0000000019672000 JavaThread "Daemon periodic checks" [_thread_blocked, id=17424, stack(0x000000001ae20000,0x000000001af20000)]
  0x0000000018e11800 JavaThread "Incoming local TCP Connector on port 59760" [_thread_in_native, id=16552, stack(0x000000001ac70000,0x000000001ad70000)]
  0x0000000017720000 JavaThread "Service Thread" daemon [_thread_blocked, id=14500, stack(0x0000000017fb0000,0x00000000180b0000)]
  0x00000000176dc000 JavaThread "C1 CompilerThread2" daemon [_thread_blocked, id=18940, stack(0x0000000017eb0000,0x0000000017fb0000)]
  0x00000000176ba000 JavaThread "C2 CompilerThread1" daemon [_thread_in_native, id=14776, stack(0x0000000017db0000,0x0000000017eb0000)]
=>0x000000001633a000 JavaThread "C2 CompilerThread0" daemon [_thread_in_native, id=13772, stack(0x0000000017cb0000,0x0000000017db0000)]
  0x00000000162ef000 JavaThread "Attach Listener" daemon [_thread_blocked, id=15812, stack(0x0000000017bb0000,0x0000000017cb0000)]
  0x00000000176b8800 JavaThread "Signal Dispatcher" daemon [_thread_blocked, id=10632, stack(0x0000000017ab0000,0x0000000017bb0000)]
  0x000000000296c000 JavaThread "Finalizer" daemon [_thread_blocked, id=16752, stack(0x0000000017550000,0x0000000017650000)]
  0x0000000002961000 JavaThread "Reference Handler" daemon [_thread_blocked, id=16496, stack(0x0000000017450000,0x0000000017550000)]
  0x000000000276e800 JavaThread "main" [_thread_blocked, id=19564, stack(0x0000000002770000,0x0000000002870000)]

Other Threads:
  0x00000000162a8000 VMThread [stack: 0x0000000017350000,0x0000000017450000] [id=17284]
  0x0000000017721000 WatcherThread [stack: 0x00000000180b0000,0x00000000181b0000] [id=9788]

VM state:not at safepoint (normal execution)

VM Mutex/Monitor currently owned by a thread: None

Heap:
 PSYoungGen      total 105472K, used 31023K [0x00000000e0000000, 0x00000000e8080000, 0x0000000100000000)
  eden space 93184K, 20% used [0x00000000e0000000,0x00000000e1252758,0x00000000e5b00000)
  from space 12288K, 99% used [0x00000000e5b00000,0x00000000e66f9628,0x00000000e6700000)
  to   space 12288K, 0% used [0x00000000e6700000,0x00000000e6700000,0x00000000e7300000)
 ParOldGen       total 173568K, used 17986K [0x00000000a0000000, 0x00000000aa980000, 0x00000000e0000000)
  object space 173568K, 10% used [0x00000000a0000000,0x00000000a1190800,0x00000000aa980000)
 Metaspace       used 44672K, capacity 45588K, committed 45912K, reserved 1089536K
  class space    used 6015K, capacity 6258K, committed 6272K, reserved 1048576K

Card table byte_map: [0x0000000011d30000,0x0000000012040000] byte_map_base: 0x0000000011830000

Marking Bits: (ParMarkBitMap*) 0x0000000075405aa0
 Begin Bits: [0x0000000012640000, 0x0000000013e40000)
 End Bits:   [0x0000000013e40000, 0x0000000015640000)

Polling page: 0x00000000003c0000

CodeCache: size=245760Kb used=12569Kb max_used=12569Kb free=233190Kb
 bounds [0x0000000002970000, 0x00000000035d0000, 0x0000000011970000]
 total_blobs=4294 nmethods=3539 adapters=667
 compilation: enabled

Compilation events (10 events):
Event: 9.175 Thread 0x00000000176dc000 3894       3       groovy.lang.MetaClassImpl::pickMethod (12 bytes)
Event: 9.175 Thread 0x00000000176dc000 nmethod 3894 0x00000000035bdbd0 code [0x00000000035bdd80, 0x00000000035be548]
Event: 9.178 Thread 0x00000000176dc000 3895       3       java.util.concurrent.ConcurrentHashMap::resizeStamp (13 bytes)
Event: 9.178 Thread 0x00000000176dc000 nmethod 3895 0x00000000035be810 code [0x00000000035be980, 0x00000000035beb08]
Event: 9.219 Thread 0x00000000176dc000 3897       3       sun.invoke.util.BytecodeDescriptor::unparseMethod (68 bytes)
Event: 9.220 Thread 0x00000000176dc000 nmethod 3897 0x00000000035beb90 code [0x00000000035bee40, 0x00000000035c0138]
Event: 9.233 Thread 0x00000000176dc000 3898       1       java.util.Formatter$FixedString::index (3 bytes)
Event: 9.233 Thread 0x00000000176dc000 nmethod 3898 0x00000000035c0cd0 code [0x00000000035c0e20, 0x00000000035c0f30]
Event: 9.238 Thread 0x00000000176dc000 3899       3       java.util.Formatter::checkText (58 bytes)
Event: 9.239 Thread 0x00000000176dc000 nmethod 3899 0x00000000035c0f90 code [0x00000000035c1180, 0x00000000035c1b28]

GC Heap History (10 events):
Event: 5.462 GC heap before
{Heap before GC invocations=5 (full 1):
 PSYoungGen      total 76288K, used 65536K [0x00000000e0000000, 0x00000000e5500000, 0x0000000100000000)
  eden space 65536K, 100% used [0x00000000e0000000,0x00000000e4000000,0x00000000e4000000)
  from space 10752K, 0% used [0x00000000e4000000,0x00000000e4000000,0x00000000e4a80000)
  to   space 10752K, 0% used [0x00000000e4a80000,0x00000000e4a80000,0x00000000e5500000)
 ParOldGen       total 114688K, used 10785K [0x00000000a0000000, 0x00000000a7000000, 0x00000000e0000000)
  object space 114688K, 9% used [0x00000000a0000000,0x00000000a0a88418,0x00000000a7000000)
 Metaspace       used 28238K, capacity 28736K, committed 29056K, reserved 1075200K
  class space    used 3786K, capacity 3949K, committed 3968K, reserved 1048576K
Event: 5.469 GC heap after
Heap after GC invocations=5 (full 1):
 PSYoungGen      total 76288K, used 7670K [0x00000000e0000000, 0x00000000e6f00000, 0x0000000100000000)
  eden space 65536K, 0% used [0x00000000e0000000,0x00000000e0000000,0x00000000e4000000)
  from space 10752K, 71% used [0x00000000e4a80000,0x00000000e51fda68,0x00000000e5500000)
  to   space 10752K, 0% used [0x00000000e4000000,0x00000000e4000000,0x00000000e4a80000)
 ParOldGen       total 114688K, used 10793K [0x00000000a0000000, 0x00000000a7000000, 0x00000000e0000000)
  object space 114688K, 9% used [0x00000000a0000000,0x00000000a0a8a418,0x00000000a7000000)
 Metaspace       used 28238K, capacity 28736K, committed 29056K, reserved 1075200K
  class space    used 3786K, capacity 3949K, committed 3968K, reserved 1048576K
}
Event: 6.216 GC heap before
{Heap before GC invocations=6 (full 1):
 PSYoungGen      total 76288K, used 73206K [0x00000000e0000000, 0x00000000e6f00000, 0x0000000100000000)
  eden space 65536K, 100% used [0x00000000e0000000,0x00000000e4000000,0x00000000e4000000)
  from space 10752K, 71% used [0x00000000e4a80000,0x00000000e51fda68,0x00000000e5500000)
  to   space 10752K, 0% used [0x00000000e4000000,0x00000000e4000000,0x00000000e4a80000)
 ParOldGen       total 114688K, used 10793K [0x00000000a0000000, 0x00000000a7000000, 0x00000000e0000000)
  object space 114688K, 9% used [0x00000000a0000000,0x00000000a0a8a418,0x00000000a7000000)
 Metaspace       used 31648K, capacity 32130K, committed 32512K, reserved 1077248K
  class space    used 4344K, capacity 4501K, committed 4608K, reserved 1048576K
Event: 6.222 GC heap after
Heap after GC invocations=6 (full 1):
 PSYoungGen      total 76288K, used 8471K [0x00000000e0000000, 0x00000000e7300000, 0x0000000100000000)
  eden space 65536K, 0% used [0x00000000e0000000,0x00000000e0000000,0x00000000e4000000)
  from space 10752K, 78% used [0x00000000e4000000,0x00000000e4845f30,0x00000000e4a80000)
  to   space 12288K, 0% used [0x00000000e6700000,0x00000000e6700000,0x00000000e7300000)
 ParOldGen       total 114688K, used 10793K [0x00000000a0000000, 0x00000000a7000000, 0x00000000e0000000)
  object space 114688K, 9% used [0x00000000a0000000,0x00000000a0a8a418,0x00000000a7000000)
 Metaspace       used 31648K, capacity 32130K, committed 32512K, reserved 1077248K
  class space    used 4344K, capacity 4501K, committed 4608K, reserved 1048576K
}
Event: 7.348 GC heap before
{Heap before GC invocations=7 (full 1):
 PSYoungGen      total 76288K, used 67066K [0x00000000e0000000, 0x00000000e7300000, 0x0000000100000000)
  eden space 65536K, 89% used [0x00000000e0000000,0x00000000e39388e8,0x00000000e4000000)
  from space 10752K, 78% used [0x00000000e4000000,0x00000000e4845f30,0x00000000e4a80000)
  to   space 12288K, 0% used [0x00000000e6700000,0x00000000e6700000,0x00000000e7300000)
 ParOldGen       total 114688K, used 10793K [0x00000000a0000000, 0x00000000a7000000, 0x00000000e0000000)
  object space 114688K, 9% used [0x00000000a0000000,0x00000000a0a8a418,0x00000000a7000000)
 Metaspace       used 34651K, capacity 35276K, committed 35416K, reserved 1079296K
  class space    used 4773K, capacity 4948K, committed 4992K, reserved 1048576K
Event: 7.401 GC heap after
Heap after GC invocations=7 (full 1):
 PSYoungGen      total 105472K, used 9939K [0x00000000e0000000, 0x00000000e8080000, 0x0000000100000000)
  eden space 93184K, 0% used [0x00000000e0000000,0x00000000e0000000,0x00000000e5b00000)
  from space 12288K, 80% used [0x00000000e6700000,0x00000000e70b4da0,0x00000000e7300000)
  to   space 12288K, 0% used [0x00000000e5b00000,0x00000000e5b00000,0x00000000e6700000)
 ParOldGen       total 114688K, used 10793K [0x00000000a0000000, 0x00000000a7000000, 0x00000000e0000000)
  object space 114688K, 9% used [0x00000000a0000000,0x00000000a0a8a418,0x00000000a7000000)
 Metaspace       used 34651K, capacity 35276K, committed 35416K, reserved 1079296K
  class space    used 4773K, capacity 4948K, committed 4992K, reserved 1048576K
}
Event: 7.401 GC heap before
{Heap before GC invocations=8 (full 2):
 PSYoungGen      total 105472K, used 9939K [0x00000000e0000000, 0x00000000e8080000, 0x0000000100000000)
  eden space 93184K, 0% used [0x00000000e0000000,0x00000000e0000000,0x00000000e5b00000)
  from space 12288K, 80% used [0x00000000e6700000,0x00000000e70b4da0,0x00000000e7300000)
  to   space 12288K, 0% used [0x00000000e5b00000,0x00000000e5b00000,0x00000000e6700000)
 ParOldGen       total 114688K, used 10793K [0x00000000a0000000, 0x00000000a7000000, 0x00000000e0000000)
  object space 114688K, 9% used [0x00000000a0000000,0x00000000a0a8a418,0x00000000a7000000)
 Metaspace       used 34651K, capacity 35276K, committed 35416K, reserved 1079296K
  class space    used 4773K, capacity 4948K, committed 4992K, reserved 1048576K
Event: 7.480 GC heap after
Heap after GC invocations=8 (full 2):
 PSYoungGen      total 105472K, used 0K [0x00000000e0000000, 0x00000000e8080000, 0x0000000100000000)
  eden space 93184K, 0% used [0x00000000e0000000,0x00000000e0000000,0x00000000e5b00000)
  from space 12288K, 0% used [0x00000000e6700000,0x00000000e6700000,0x00000000e7300000)
  to   space 12288K, 0% used [0x00000000e5b00000,0x00000000e5b00000,0x00000000e6700000)
 ParOldGen       total 173568K, used 17209K [0x00000000a0000000, 0x00000000aa980000, 0x00000000e0000000)
  object space 173568K, 9% used [0x00000000a0000000,0x00000000a10ce548,0x00000000aa980000)
 Metaspace       used 34639K, capacity 35234K, committed 35416K, reserved 1079296K
  class space    used 4770K, capacity 4941K, committed 4992K, reserved 1048576K
}
Event: 9.025 GC heap before
{Heap before GC invocations=9 (full 2):
 PSYoungGen      total 105472K, used 93184K [0x00000000e0000000, 0x00000000e8080000, 0x0000000100000000)
  eden space 93184K, 100% used [0x00000000e0000000,0x00000000e5b00000,0x00000000e5b00000)
  from space 12288K, 0% used [0x00000000e6700000,0x00000000e6700000,0x00000000e7300000)
  to   space 12288K, 0% used [0x00000000e5b00000,0x00000000e5b00000,0x00000000e6700000)
 ParOldGen       total 173568K, used 17209K [0x00000000a0000000, 0x00000000aa980000, 0x00000000e0000000)
  object space 173568K, 9% used [0x00000000a0000000,0x00000000a10ce548,0x00000000aa980000)
 Metaspace       used 44079K, capacity 44894K, committed 45144K, reserved 1087488K
  class space    used 5918K, capacity 6155K, committed 6272K, reserved 1048576K
Event: 9.038 GC heap after
Heap after GC invocations=9 (full 2):
 PSYoungGen      total 105472K, used 12261K [0x00000000e0000000, 0x00000000e8080000, 0x0000000100000000)
  eden space 93184K, 0% used [0x00000000e0000000,0x00000000e0000000,0x00000000e5b00000)
  from space 12288K, 99% used [0x00000000e5b00000,0x00000000e66f9628,0x00000000e6700000)
  to   space 12288K, 0% used [0x00000000e6700000,0x00000000e6700000,0x00000000e7300000)
 ParOldGen       total 173568K, used 17986K [0x00000000a0000000, 0x00000000aa980000, 0x00000000e0000000)
  object space 173568K, 10% used [0x00000000a0000000,0x00000000a1190800,0x00000000aa980000)
 Metaspace       used 44079K, capacity 44894K, committed 45144K, reserved 1087488K
  class space    used 5918K, capacity 6155K, committed 6272K, reserved 1048576K
}

Deoptimization events (10 events):
Event: 8.082 Thread 0x0000000018d35800 Uncommon trap: reason=unstable_if action=reinterpret pc=0x0000000003299b98 method=java.util.HashMap.putVal(ILjava/lang/Object;Ljava/lang/Object;ZZ)Ljava/lang/Object; @ 236
Event: 8.093 Thread 0x0000000018d35800 Uncommon trap: reason=unstable_if action=reinterpret pc=0x0000000002e58ffc method=java.lang.CharacterDataLatin1.isWhitespace(I)Z @ 14
Event: 8.132 Thread 0x0000000018d35800 Uncommon trap: reason=unstable_if action=reinterpret pc=0x0000000002a8bee4 method=java.util.jar.JarFile.getInputStream(Ljava/util/zip/ZipEntry;)Ljava/io/InputStream; @ 37
Event: 8.134 Thread 0x0000000018d35800 Uncommon trap: reason=unstable_if action=reinterpret pc=0x0000000002efcaec method=java.security.CodeSource.getCertificates()[Ljava/security/cert/Certificate; @ 22
Event: 8.134 Thread 0x0000000018d35800 Uncommon trap: reason=unstable_if action=reinterpret pc=0x00000000033c4aec method=java.util.jar.JarFile$JarFileEntry.getCodeSigners()[Ljava/security/CodeSigner; @ 24
Event: 8.134 Thread 0x0000000018d35800 Uncommon trap: reason=unstable_if action=reinterpret pc=0x0000000002b2aefc method=java.security.CodeSource.matchCerts(Ljava/security/CodeSource;Z)Z @ 11
Event: 8.134 Thread 0x0000000018d35800 Uncommon trap: reason=unstable_if action=reinterpret pc=0x00000000033a3aa8 method=java.lang.ClassLoader.compareCerts([Ljava/security/cert/Certificate;[Ljava/security/cert/Certificate;)Z @ 1
Event: 8.152 Thread 0x0000000018d35800 Uncommon trap: reason=unstable_if action=reinterpret pc=0x000000000341d77c method=java.util.LinkedHashMap.get(Ljava/lang/Object;)Ljava/lang/Object; @ 20
Event: 8.286 Thread 0x0000000018d35800 Uncommon trap: reason=unstable_if action=reinterpret pc=0x0000000003270524 method=org.objectweb.asm.ByteVector.putUTF8(Ljava/lang/String;)Lorg/objectweb/asm/ByteVector; @ 93
Event: 9.068 Thread 0x0000000018d35800 Uncommon trap: reason=bimorphic action=maybe_recompile pc=0x000000000318c38c method=java.util.WeakHashMap.eq(Ljava/lang/Object;Ljava/lang/Object;)Z @ 7

Classes redefined (0 events):
No events

Internal exceptions (10 events):
Event: 9.127 Thread 0x0000000018d35800 Exception <a 'java/security/PrivilegedActionException'> (0x00000000e0d224d8) thrown at [D:\src\AOSP-openjdk-cygwin\jdk8u\hotspot\src\share\vm\prims\jvm.cpp, line 1390]
Event: 9.127 Thread 0x0000000018d35800 Exception <a 'java/security/PrivilegedActionException'> (0x00000000e0d23258) thrown at [D:\src\AOSP-openjdk-cygwin\jdk8u\hotspot\src\share\vm\prims\jvm.cpp, line 1390]
Event: 9.127 Thread 0x0000000018d35800 Exception <a 'java/lang/ClassNotFoundException': org/codehaus/groovy/runtime/GStringImplBeanInfo> (0x00000000e0d36970) thrown at [D:\src\AOSP-openjdk-cygwin\jdk8u\hotspot\src\share\vm\classfile\systemDictionary.cpp, line 210]
Event: 9.127 Thread 0x0000000018d35800 Exception <a 'java/security/PrivilegedActionException'> (0x00000000e0d40180) thrown at [D:\src\AOSP-openjdk-cygwin\jdk8u\hotspot\src\share\vm\prims\jvm.cpp, line 1390]
Event: 9.127 Thread 0x0000000018d35800 Exception <a 'java/security/PrivilegedActionException'> (0x00000000e0d40d18) thrown at [D:\src\AOSP-openjdk-cygwin\jdk8u\hotspot\src\share\vm\prims\jvm.cpp, line 1390]
Event: 9.128 Thread 0x0000000018d35800 Exception <a 'java/security/PrivilegedActionException'> (0x00000000e0d4f180) thrown at [D:\src\AOSP-openjdk-cygwin\jdk8u\hotspot\src\share\vm\prims\jvm.cpp, line 1390]
Event: 9.128 Thread 0x0000000018d35800 Exception <a 'java/security/PrivilegedActionException'> (0x00000000e0d4ff00) thrown at [D:\src\AOSP-openjdk-cygwin\jdk8u\hotspot\src\share\vm\prims\jvm.cpp, line 1390]
Event: 9.167 Thread 0x0000000018d35800 Exception <a 'java/security/PrivilegedActionException'> (0x00000000e0d5e030) thrown at [D:\src\AOSP-openjdk-cygwin\jdk8u\hotspot\src\share\vm\prims\jvm.cpp, line 1390]
Event: 9.167 Thread 0x0000000018d35800 Exception <a 'java/security/PrivilegedActionException'> (0x00000000e0d5edb0) thrown at [D:\src\AOSP-openjdk-cygwin\jdk8u\hotspot\src\share\vm\prims\jvm.cpp, line 1390]
Event: 9.168 Thread 0x0000000018d35800 Exception <a 'java/lang/ClassNotFoundException': org/codehaus/groovy/runtime/GStringImplCustomizer> (0x00000000e0d72a20) thrown at [D:\src\AOSP-openjdk-cygwin\jdk8u\hotspot\src\share\vm\classfile\systemDictionary.cpp, line 210]

Events (10 events):
Event: 9.257 loading class com/android/repository/impl/meta/Archive
Event: 9.257 loading class com/android/repository/impl/meta/Archive done
Event: 9.258 loading class com/android/repository/impl/generated/v1/ArchiveType
Event: 9.258 loading class com/android/repository/impl/generated/v1/ArchiveType done
Event: 9.258 loading class com/android/repository/impl/meta/LocalPackageImpl
Event: 9.258 loading class com/android/repository/impl/meta/LocalPackageImpl done
Event: 9.258 loading class com/android/repository/api/LocalPackage
Event: 9.258 loading class com/android/repository/api/LocalPackage done
Event: 9.258 loading class com/android/repository/impl/meta/RepoPackageImpl
Event: 9.258 loading class com/android/repository/impl/meta/RepoPackageImpl done


Dynamic libraries:
0x00007ff7226b0000 - 0x00007ff7226e1000 	D:\Program Files\Android\Android Studio\jre\bin\java.exe
0x00007ffe656f0000 - 0x00007ffe658d1000 	C:\WINDOWS\SYSTEM32\ntdll.dll
0x00007ffe63290000 - 0x00007ffe63341000 	C:\WINDOWS\System32\KERNEL32.DLL
0x00007ffe62170000 - 0x00007ffe623e3000 	C:\WINDOWS\System32\KERNELBASE.dll
0x00007ffe633d0000 - 0x00007ffe63471000 	C:\WINDOWS\System32\ADVAPI32.dll
0x00007ffe655a0000 - 0x00007ffe6563e000 	C:\WINDOWS\System32\msvcrt.dll
0x00007ffe65660000 - 0x00007ffe656bb000 	C:\WINDOWS\System32\sechost.dll
0x00007ffe630b0000 - 0x00007ffe631d4000 	C:\WINDOWS\System32\RPCRT4.dll
0x00007ffe649d0000 - 0x00007ffe64b60000 	C:\WINDOWS\System32\USER32.dll
0x00007ffe61fa0000 - 0x00007ffe61fc0000 	C:\WINDOWS\System32\win32u.dll
0x00007ffe64ed0000 - 0x00007ffe64ef8000 	C:\WINDOWS\System32\GDI32.dll
0x00007ffe61b60000 - 0x00007ffe61cf1000 	C:\WINDOWS\System32\gdi32full.dll
0x00007ffe61ac0000 - 0x00007ffe61b5f000 	C:\WINDOWS\System32\msvcp_win.dll
0x00007ffe62070000 - 0x00007ffe62168000 	C:\WINDOWS\System32\ucrtbase.dll
0x00007ffe53f40000 - 0x00007ffe541a9000 	C:\WINDOWS\WinSxS\amd64_microsoft.windows.common-controls_6595b64144ccf1df_6.0.17134.885_none_fb42a3473065565f\COMCTL32.dll
0x00007ffe62be0000 - 0x00007ffe62f02000 	C:\WINDOWS\System32\combase.dll
0x00007ffe62b00000 - 0x00007ffe62b79000 	C:\WINDOWS\System32\bcryptPrimitives.dll
0x00007ffe631e0000 - 0x00007ffe6320d000 	C:\WINDOWS\System32\IMM32.DLL
0x0000000074a60000 - 0x0000000074b32000 	D:\Program Files\Android\Android Studio\jre\jre\bin\msvcr100.dll
0x0000000074c40000 - 0x0000000075481000 	D:\Program Files\Android\Android Studio\jre\jre\bin\server\jvm.dll
0x00007ffe63220000 - 0x00007ffe63228000 	C:\WINDOWS\System32\PSAPI.DLL
0x00007ffe5fc70000 - 0x00007ffe5fc93000 	C:\WINDOWS\SYSTEM32\WINMM.dll
0x00007ffe51760000 - 0x00007ffe51769000 	C:\WINDOWS\SYSTEM32\WSOCK32.dll
0x00007ffe64ce0000 - 0x00007ffe64d4c000 	C:\WINDOWS\System32\WS2_32.dll
0x00007ffe5d080000 - 0x00007ffe5d08a000 	C:\WINDOWS\SYSTEM32\VERSION.dll
0x00007ffe5fb40000 - 0x00007ffe5fb6a000 	C:\WINDOWS\SYSTEM32\WINMMBASE.dll
0x00007ffe61f50000 - 0x00007ffe61f99000 	C:\WINDOWS\System32\cfgmgr32.dll
0x00007ffe53920000 - 0x00007ffe5392f000 	D:\Program Files\Android\Android Studio\jre\jre\bin\verify.dll
0x00007ffe50ac0000 - 0x00007ffe50ae9000 	D:\Program Files\Android\Android Studio\jre\jre\bin\java.dll
0x00007ffe50a40000 - 0x00007ffe50a56000 	D:\Program Files\Android\Android Studio\jre\jre\bin\zip.dll
0x00007ffe63480000 - 0x00007ffe648c0000 	C:\WINDOWS\System32\SHELL32.dll
0x00007ffe648c0000 - 0x00007ffe64969000 	C:\WINDOWS\System32\shcore.dll
0x00007ffe623f0000 - 0x00007ffe62afd000 	C:\WINDOWS\System32\windows.storage.dll
0x00007ffe63230000 - 0x00007ffe63281000 	C:\WINDOWS\System32\shlwapi.dll
0x00007ffe61a20000 - 0x00007ffe61a31000 	C:\WINDOWS\System32\kernel.appcore.dll
0x00007ffe61a50000 - 0x00007ffe61a6f000 	C:\WINDOWS\System32\profapi.dll
0x00007ffe61a70000 - 0x00007ffe61abc000 	C:\WINDOWS\System32\powrprof.dll
0x00007ffe61a40000 - 0x00007ffe61a4a000 	C:\WINDOWS\System32\FLTLIB.DLL
0x00007ffe48e20000 - 0x00007ffe48e3a000 	D:\Program Files\Android\Android Studio\jre\jre\bin\net.dll
0x00007ffe61200000 - 0x00007ffe61266000 	C:\WINDOWS\system32\mswsock.dll
0x00007ffe48e00000 - 0x00007ffe48e11000 	D:\Program Files\Android\Android Studio\jre\jre\bin\nio.dll
0x00007ffe54fc0000 - 0x00007ffe54fde000 	C:\Users\Administrator\.gradle\native\25\windows-amd64\native-platform.dll
0x00007ffe52060000 - 0x00007ffe5206d000 	D:\Program Files\Android\Android Studio\jre\jre\bin\management.dll
0x00007ffe613b0000 - 0x00007ffe613c7000 	C:\WINDOWS\SYSTEM32\CRYPTSP.dll
0x00007ffe60df0000 - 0x00007ffe60e23000 	C:\WINDOWS\system32\rsaenh.dll
0x00007ffe614e0000 - 0x00007ffe61505000 	C:\WINDOWS\SYSTEM32\bcrypt.dll
0x00007ffe61900000 - 0x00007ffe61928000 	C:\WINDOWS\SYSTEM32\USERENV.dll
0x00007ffe613d0000 - 0x00007ffe613db000 	C:\WINDOWS\SYSTEM32\CRYPTBASE.dll
0x00007ffe60f90000 - 0x00007ffe60fc8000 	C:\WINDOWS\SYSTEM32\IPHLPAPI.DLL
0x00007ffe63210000 - 0x00007ffe63218000 	C:\WINDOWS\System32\NSI.dll
0x00007ffe5b1b0000 - 0x00007ffe5b1c6000 	C:\WINDOWS\SYSTEM32\dhcpcsvc6.DLL
0x00007ffe5b130000 - 0x00007ffe5b14a000 	C:\WINDOWS\SYSTEM32\dhcpcsvc.DLL

VM Arguments:
jvm_args: -Xmx1536m -Dfile.encoding=GBK -Duser.country=CN -Duser.language=zh -Duser.variant 
java_command: org.gradle.launcher.daemon.bootstrap.GradleDaemon 5.1.1
java_class_path (initial): C:\Users\Administrator\.gradle\wrapper\dists\gradle-5.1.1-all\97z1ksx6lirer3kbvdnh7jtjg\gradle-5.1.1\lib\gradle-launcher-5.1.1.jar
Launcher Type: SUN_STANDARD

Environment Variables:
JAVA_HOME=C:\Program Files\Java\jdk1.8.0_131
CLASSPATH=.;C:\Program Files\Java\jdk1.8.0_131\lib\dt.jar;C:\Program Files\Java\jdk1.8.0_131\lib\tools.jar
USERNAME=Administrator
OS=Windows_NT
PROCESSOR_IDENTIFIER=Intel64 Family 6 Model 94 Stepping 3, GenuineIntel



---------------  S Y S T E M  ---------------

OS: Windows 10.0 , 64 bit Build 17134 (10.0.17134.753)

CPU:total 4 (initial active 4) (4 cores per cpu, 1 threads per core) family 6 model 94 stepping 3, cmov, cx8, fxsr, mmx, sse, sse2, sse3, ssse3, sse4.1, sse4.2, popcnt, avx, avx2, aes, clmul, erms, 3dnowpref, lzcnt, tsc, tscinvbit, bmi1, bmi2, adx

Memory: 4k page, physical 16674352k(6990784k free), swap 17722928k(5228k free)

vm_info: OpenJDK 64-Bit Server VM (25.152-b01) for windows-amd64 JRE (1.8.0_152-release-1343-b01), built by "builder" with MS VC++ 10.0 (VS2010)

time: Sat Sep 07 12:12:29 2019
elapsed time: 9 seconds (0d 0h 0m 9s)

