#
# There is insufficient memory for the Java Runtime Environment to continue.
# Native memory allocation (malloc) failed to allocate 121776 bytes for Chunk::new
# Possible reasons:
#   The system is out of physical RAM or swap space
#   In 32 bit mode, the process size limit was hit
# Possible solutions:
#   Reduce memory load on the system
#   Increase physical memory or swap space
#   Check if swap backing store is full
#   Use 64 bit Java on a 64 bit OS
#   Decrease Java heap size (-Xmx/-Xms)
#   Decrease number of Java threads
#   Decrease Java thread stack sizes (-Xss)
#   Set larger code cache with -XX:ReservedCodeCacheSize=
# This output file may be truncated or incomplete.
#
#  Out of Memory Error (allocation.cpp:390), pid=19352, tid=0x00000000000028b4
#
# JRE version: OpenJDK Runtime Environment (8.0_152-b01) (build 1.8.0_152-release-1343-b01)
# Java VM: OpenJDK 64-Bit Server VM (25.152-b01 mixed mode windows-amd64 compressed oops)
# Failed to write core dump. Minidumps are not enabled by default on client versions of Windows
#

---------------  T H R E A D  ---------------

Current thread (0x0000000017ddc800):  JavaThread "C2 CompilerThread1" daemon [_thread_in_native, id=10420, stack(0x0000000018480000,0x0000000018580000)]

Stack: [0x0000000018480000,0x0000000018580000]
[error occurred during error reporting (printing stack bounds), id 0xc0000005]

Native frames: (J=compiled Java code, j=interpreted, Vv=VM code, C=native code)


Current CompileTask:
C2:   8319 5517       4       org.gradle.internal.reflect.PropertyAccessorType::of (95 bytes)


---------------  P R O C E S S  ---------------

Java Threads: ( => current thread )
  0x000000001a4e7000 JavaThread "Memory manager" [_thread_blocked, id=10148, stack(0x0000000022630000,0x0000000022730000)]
  0x000000001a0b3800 JavaThread "Cache worker for Build Output Cleanup Cache (E:\Projects\Android\bangguo\.gradle\buildOutputCleanup)" [_thread_blocked, id=7660, stack(0x0000000022530000,0x0000000022630000)]
  0x000000001a0b5800 JavaThread "pool-1-thread-1" [_thread_blocked, id=13916, stack(0x0000000022230000,0x0000000022330000)]
  0x000000001a0b0800 JavaThread "Build operations Thread 4" [_thread_blocked, id=17356, stack(0x0000000021d30000,0x0000000021e30000)]
  0x000000001a0b7000 JavaThread "Build operations Thread 3" [_thread_blocked, id=8548, stack(0x0000000021c30000,0x0000000021d30000)]
  0x000000001a0b5000 JavaThread "Build operations Thread 2" [_thread_blocked, id=740, stack(0x0000000021b30000,0x0000000021c30000)]
  0x000000001a0b2800 JavaThread "Build operations" [_thread_blocked, id=18220, stack(0x0000000021a30000,0x0000000021b30000)]
  0x0000000019791000 JavaThread "Cache worker for execution history cache (C:\Users\Administrator\.gradle\caches\5.1.1\executionHistory)" [_thread_blocked, id=18356, stack(0x0000000020560000,0x0000000020660000)]
  0x000000001978f800 JavaThread "Cache worker for cache directory md-rule (C:\Users\Administrator\.gradle\caches\5.1.1\md-rule)" [_thread_blocked, id=10520, stack(0x0000000020460000,0x0000000020560000)]
  0x0000000019796800 JavaThread "Cache worker for cache directory md-supplier (C:\Users\Administrator\.gradle\caches\5.1.1\md-supplier)" [_thread_blocked, id=9108, stack(0x0000000020090000,0x0000000020190000)]
  0x0000000019793800 JavaThread "Cache worker for file hash cache (E:\Projects\Android\bangguo\.gradle\5.1.1\fileHashes)" [_thread_blocked, id=17644, stack(0x000000001d3a0000,0x000000001d4a0000)]
  0x0000000019790800 JavaThread "Cache worker for journal cache (C:\Users\Administrator\.gradle\caches\journal-1)" [_thread_blocked, id=14184, stack(0x000000001bfd0000,0x000000001c0d0000)]
  0x0000000019792000 JavaThread "File lock request listener" [_thread_in_native, id=20136, stack(0x000000001bed0000,0x000000001bfd0000)]
  0x0000000019743800 JavaThread "Cache worker for file hash cache (C:\Users\Administrator\.gradle\caches\5.1.1\fileHashes)" [_thread_blocked, id=3960, stack(0x000000001bdd0000,0x000000001bed0000)]
  0x0000000019419800 JavaThread "Thread-8" [_thread_in_native, id=10376, stack(0x000000001bcd0000,0x000000001bdd0000)]
  0x0000000019412000 JavaThread "Stdin handler" [_thread_blocked, id=17280, stack(0x000000001bbd0000,0x000000001bcd0000)]
  0x0000000019411000 JavaThread "Asynchronous log dispatcher for DefaultDaemonConnection: socket connection from /127.0.0.1:59660 to /127.0.0.1:59661" [_thread_blocked, id=15816, stack(0x000000001bad0000,0x000000001bbd0000)]
  0x0000000019410000 JavaThread "Daemon worker" [_thread_in_vm, id=16908, stack(0x000000001b9d0000,0x000000001bad0000)]
  0x000000001940f800 JavaThread "Cancel handler" [_thread_blocked, id=19712, stack(0x000000001b8d0000,0x000000001b9d0000)]
  0x0000000019858000 JavaThread "Handler for socket connection from /127.0.0.1:59660 to /127.0.0.1:59661" [_thread_in_native, id=16944, stack(0x000000001b5d0000,0x000000001b6d0000)]
  0x000000001a139000 JavaThread "Daemon" [_thread_blocked, id=15160, stack(0x000000001b4d0000,0x000000001b5d0000)]
  0x0000000019f2e000 JavaThread "Daemon periodic checks" [_thread_blocked, id=3968, stack(0x000000001b3d0000,0x000000001b4d0000)]
  0x00000000190fc800 JavaThread "Incoming local TCP Connector on port 59660" [_thread_in_native, id=10824, stack(0x000000001b220000,0x000000001b320000)]
  0x0000000017de7000 JavaThread "Service Thread" daemon [_thread_blocked, id=20128, stack(0x0000000018680000,0x0000000018780000)]
  0x0000000017ddd800 JavaThread "C1 CompilerThread2" daemon [_thread_in_native, id=17096, stack(0x0000000018580000,0x0000000018680000)]
=>0x0000000017ddc800 JavaThread "C2 CompilerThread1" daemon [_thread_in_native, id=10420, stack(0x0000000018480000,0x0000000018580000)]
  0x0000000016a7b000 JavaThread "C2 CompilerThread0" daemon [_thread_in_native, id=19252, stack(0x0000000018380000,0x0000000018480000)]
  0x0000000016a79000 JavaThread "Attach Listener" daemon [_thread_blocked, id=8012, stack(0x0000000018280000,0x0000000018380000)]
  0x0000000016a2f000 JavaThread "Signal Dispatcher" daemon [_thread_blocked, id=14036, stack(0x0000000018180000,0x0000000018280000)]
  0x00000000030ac000 JavaThread "Finalizer" daemon [_thread_blocked, id=14804, stack(0x0000000017c80000,0x0000000017d80000)]
  0x00000000030a0800 JavaThread "Reference Handler" daemon [_thread_blocked, id=20096, stack(0x0000000017b80000,0x0000000017c80000)]
  0x0000000002fb2800 JavaThread "main" [_thread_blocked, id=15712, stack(0x0000000002ad0000,0x0000000002bd0000)]

Other Threads:
  0x00000000169e7800 VMThread [stack: 0x0000000017a80000,0x0000000017b80000] [id=16592]
  0x0000000017de8000 WatcherThread [stack: 0x0000000018780000,0x0000000018880000] [id=13800]

VM state:not at safepoint (normal execution)

VM Mutex/Monitor currently owned by a thread: None

Heap:
 PSYoungGen      total 236544K, used 25937K [0x00000000e0000000, 0x00000000f0080000, 0x0000000100000000)
  eden space 218112K, 11% used [0x00000000e0000000,0x00000000e1954468,0x00000000ed500000)
  from space 18432K, 0% used [0x00000000ee980000,0x00000000ee980000,0x00000000efb80000)
  to   space 20992K, 0% used [0x00000000ed500000,0x00000000ed500000,0x00000000ee980000)
 ParOldGen       total 168448K, used 35441K [0x00000000a0000000, 0x00000000aa480000, 0x00000000e0000000)
  object space 168448K, 21% used [0x00000000a0000000,0x00000000a229c780,0x00000000aa480000)
 Metaspace       used 58504K, capacity 60234K, committed 60440K, reserved 1101824K
  class space    used 7937K, capacity 8352K, committed 8472K, reserved 1048576K

Card table byte_map: [0x0000000012470000,0x0000000012780000] byte_map_base: 0x0000000011f70000

Marking Bits: (ParMarkBitMap*) 0x0000000075405aa0
 Begin Bits: [0x0000000012d80000, 0x0000000014580000)
 End Bits:   [0x0000000014580000, 0x0000000015d80000)

Polling page: 0x00000000009e0000

CodeCache: size=245760Kb used=17521Kb max_used=17521Kb free=228238Kb
 bounds [0x00000000030b0000, 0x00000000041e0000, 0x00000000120b0000]
 total_blobs=5929 nmethods=5133 adapters=708
 compilation: enabled

Compilation events (10 events):
Event: 8.307 Thread 0x0000000017ddd800 nmethod 5512 0x00000000041cea10 code [0x00000000041cece0, 0x00000000041d05e8]
Event: 8.308 Thread 0x0000000017ddd800 5513       3       org.gradle.internal.metaobject.AbstractDynamicObject::<init> (5 bytes)
Event: 8.308 Thread 0x0000000017ddd800 nmethod 5513 0x00000000041ce650 code [0x00000000041ce7a0, 0x00000000041ce950]
Event: 8.311 Thread 0x0000000017ddd800 5516       3       com.google.common.collect.ImmutableSet$Builder::build (165 bytes)
Event: 8.312 Thread 0x0000000017ddd800 nmethod 5516 0x00000000041d6690 code [0x00000000041d6900, 0x00000000041d76e8]
Event: 8.312 Thread 0x0000000017ddd800 5514       3       com.google.common.base.Equivalence::wrap (11 bytes)
Event: 8.312 Thread 0x0000000017ddd800 nmethod 5514 0x00000000041d5e10 code [0x00000000041d5fa0, 0x00000000041d63e8]
Event: 8.312 Thread 0x0000000017ddd800 5515       3       com.google.common.base.Equivalence$Wrapper::<init> (7 bytes)
Event: 8.312 Thread 0x0000000017ddd800 nmethod 5515 0x00000000041d5710 code [0x00000000041d58a0, 0x00000000041d5c28]
Event: 8.314 Thread 0x0000000017ddc800 5517       4       org.gradle.internal.reflect.PropertyAccessorType::of (95 bytes)

GC Heap History (10 events):
Event: 5.232 GC heap before
{Heap before GC invocations=7 (full 1):
 PSYoungGen      total 138752K, used 37794K [0x00000000e0000000, 0x00000000eb000000, 0x0000000100000000)
  eden space 128000K, 21% used [0x00000000e0000000,0x00000000e1a6d848,0x00000000e7d00000)
  from space 10752K, 99% used [0x00000000e7d00000,0x00000000e877b0c0,0x00000000e8780000)
  to   space 14848K, 0% used [0x00000000ea180000,0x00000000ea180000,0x00000000eb000000)
 ParOldGen       total 110592K, used 13125K [0x00000000a0000000, 0x00000000a6c00000, 0x00000000e0000000)
  object space 110592K, 11% used [0x00000000a0000000,0x00000000a0cd15e0,0x00000000a6c00000)
 Metaspace       used 34555K, capacity 35408K, committed 35496K, reserved 1079296K
  class space    used 4754K, capacity 4993K, committed 5032K, reserved 1048576K
Event: 5.248 GC heap after
Heap after GC invocations=7 (full 1):
 PSYoungGen      total 165888K, used 10144K [0x00000000e0000000, 0x00000000eed00000, 0x0000000100000000)
  eden space 151040K, 0% used [0x00000000e0000000,0x00000000e0000000,0x00000000e9380000)
  from space 14848K, 68% used [0x00000000ea180000,0x00000000eab68268,0x00000000eb000000)
  to   space 14336K, 0% used [0x00000000e9380000,0x00000000e9380000,0x00000000ea180000)
 ParOldGen       total 110592K, used 13133K [0x00000000a0000000, 0x00000000a6c00000, 0x00000000e0000000)
  object space 110592K, 11% used [0x00000000a0000000,0x00000000a0cd35e0,0x00000000a6c00000)
 Metaspace       used 34555K, capacity 35408K, committed 35496K, reserved 1079296K
  class space    used 4754K, capacity 4993K, committed 5032K, reserved 1048576K
}
Event: 5.248 GC heap before
{Heap before GC invocations=8 (full 2):
 PSYoungGen      total 165888K, used 10144K [0x00000000e0000000, 0x00000000eed00000, 0x0000000100000000)
  eden space 151040K, 0% used [0x00000000e0000000,0x00000000e0000000,0x00000000e9380000)
  from space 14848K, 68% used [0x00000000ea180000,0x00000000eab68268,0x00000000eb000000)
  to   space 14336K, 0% used [0x00000000e9380000,0x00000000e9380000,0x00000000ea180000)
 ParOldGen       total 110592K, used 13133K [0x00000000a0000000, 0x00000000a6c00000, 0x00000000e0000000)
  object space 110592K, 11% used [0x00000000a0000000,0x00000000a0cd35e0,0x00000000a6c00000)
 Metaspace       used 34555K, capacity 35408K, committed 35496K, reserved 1079296K
  class space    used 4754K, capacity 4993K, committed 5032K, reserved 1048576K
Event: 5.311 GC heap after
Heap after GC invocations=8 (full 2):
 PSYoungGen      total 165888K, used 0K [0x00000000e0000000, 0x00000000eed00000, 0x0000000100000000)
  eden space 151040K, 0% used [0x00000000e0000000,0x00000000e0000000,0x00000000e9380000)
  from space 14848K, 0% used [0x00000000ea180000,0x00000000ea180000,0x00000000eb000000)
  to   space 14336K, 0% used [0x00000000e9380000,0x00000000e9380000,0x00000000ea180000)
 ParOldGen       total 168448K, used 18336K [0x00000000a0000000, 0x00000000aa480000, 0x00000000e0000000)
  object space 168448K, 10% used [0x00000000a0000000,0x00000000a11e81a8,0x00000000aa480000)
 Metaspace       used 34551K, capacity 35396K, committed 35496K, reserved 1079296K
  class space    used 4753K, capacity 4991K, committed 5032K, reserved 1048576K
}
Event: 6.914 GC heap before
{Heap before GC invocations=9 (full 2):
 PSYoungGen      total 165888K, used 151040K [0x00000000e0000000, 0x00000000eed00000, 0x0000000100000000)
  eden space 151040K, 100% used [0x00000000e0000000,0x00000000e9380000,0x00000000e9380000)
  from space 14848K, 0% used [0x00000000ea180000,0x00000000ea180000,0x00000000eb000000)
  to   space 14336K, 0% used [0x00000000e9380000,0x00000000e9380000,0x00000000ea180000)
 ParOldGen       total 168448K, used 18336K [0x00000000a0000000, 0x00000000aa480000, 0x00000000e0000000)
  object space 168448K, 10% used [0x00000000a0000000,0x00000000a11e81a8,0x00000000aa480000)
 Metaspace       used 50472K, capacity 51702K, committed 51880K, reserved 1093632K
  class space    used 6783K, capacity 7078K, committed 7080K, reserved 1048576K
Event: 6.930 GC heap after
Heap after GC invocations=9 (full 2):
 PSYoungGen      total 165376K, used 14328K [0x00000000e0000000, 0x00000000efb80000, 0x0000000100000000)
  eden space 151040K, 0% used [0x00000000e0000000,0x00000000e0000000,0x00000000e9380000)
  from space 14336K, 99% used [0x00000000e9380000,0x00000000ea17e0f8,0x00000000ea180000)
  to   space 18432K, 0% used [0x00000000ee980000,0x00000000ee980000,0x00000000efb80000)
 ParOldGen       total 168448K, used 22979K [0x00000000a0000000, 0x00000000aa480000, 0x00000000e0000000)
  object space 168448K, 13% used [0x00000000a0000000,0x00000000a1670e38,0x00000000aa480000)
 Metaspace       used 50472K, capacity 51702K, committed 51880K, reserved 1093632K
  class space    used 6783K, capacity 7078K, committed 7080K, reserved 1048576K
}
Event: 7.840 GC heap before
{Heap before GC invocations=10 (full 2):
 PSYoungGen      total 165376K, used 123035K [0x00000000e0000000, 0x00000000efb80000, 0x0000000100000000)
  eden space 151040K, 71% used [0x00000000e0000000,0x00000000e6a28cf8,0x00000000e9380000)
  from space 14336K, 99% used [0x00000000e9380000,0x00000000ea17e0f8,0x00000000ea180000)
  to   space 18432K, 0% used [0x00000000ee980000,0x00000000ee980000,0x00000000efb80000)
 ParOldGen       total 168448K, used 22979K [0x00000000a0000000, 0x00000000aa480000, 0x00000000e0000000)
  object space 168448K, 13% used [0x00000000a0000000,0x00000000a1670e38,0x00000000aa480000)
 Metaspace       used 57322K, capacity 59042K, committed 59160K, reserved 1099776K
  class space    used 7725K, capacity 8132K, committed 8216K, reserved 1048576K
Event: 7.856 GC heap after
Heap after GC invocations=10 (full 2):
 PSYoungGen      total 236544K, used 18425K [0x00000000e0000000, 0x00000000f0080000, 0x0000000100000000)
  eden space 218112K, 0% used [0x00000000e0000000,0x00000000e0000000,0x00000000ed500000)
  from space 18432K, 99% used [0x00000000ee980000,0x00000000efb7e6a8,0x00000000efb80000)
  to   space 20992K, 0% used [0x00000000ed500000,0x00000000ed500000,0x00000000ee980000)
 ParOldGen       total 168448K, used 24136K [0x00000000a0000000, 0x00000000aa480000, 0x00000000e0000000)
  object space 168448K, 14% used [0x00000000a0000000,0x00000000a1792058,0x00000000aa480000)
 Metaspace       used 57322K, capacity 59042K, committed 59160K, reserved 1099776K
  class space    used 7725K, capacity 8132K, committed 8216K, reserved 1048576K
}
Event: 7.856 GC heap before
{Heap before GC invocations=11 (full 3):
 PSYoungGen      total 236544K, used 18425K [0x00000000e0000000, 0x00000000f0080000, 0x0000000100000000)
  eden space 218112K, 0% used [0x00000000e0000000,0x00000000e0000000,0x00000000ed500000)
  from space 18432K, 99% used [0x00000000ee980000,0x00000000efb7e6a8,0x00000000efb80000)
  to   space 20992K, 0% used [0x00000000ed500000,0x00000000ed500000,0x00000000ee980000)
 ParOldGen       total 168448K, used 24136K [0x00000000a0000000, 0x00000000aa480000, 0x00000000e0000000)
  object space 168448K, 14% used [0x00000000a0000000,0x00000000a1792058,0x00000000aa480000)
 Metaspace       used 57322K, capacity 59042K, committed 59160K, reserved 1099776K
  class space    used 7725K, capacity 8132K, committed 8216K, reserved 1048576K
Event: 8.002 GC heap after
Heap after GC invocations=11 (full 3):
 PSYoungGen      total 236544K, used 0K [0x00000000e0000000, 0x00000000f0080000, 0x0000000100000000)
  eden space 218112K, 0% used [0x00000000e0000000,0x00000000e0000000,0x00000000ed500000)
  from space 18432K, 0% used [0x00000000ee980000,0x00000000ee980000,0x00000000efb80000)
  to   space 20992K, 0% used [0x00000000ed500000,0x00000000ed500000,0x00000000ee980000)
 ParOldGen       total 168448K, used 35441K [0x00000000a0000000, 0x00000000aa480000, 0x00000000e0000000)
  object space 168448K, 21% used [0x00000000a0000000,0x00000000a229c780,0x00000000aa480000)
 Metaspace       used 57322K, capacity 59042K, committed 59160K, reserved 1099776K
  class space    used 7725K, capacity 8132K, committed 8216K, reserved 1048576K
}

Deoptimization events (10 events):
Event: 7.064 Thread 0x0000000019410000 Uncommon trap: reason=unstable_if action=reinterpret pc=0x0000000003eb16a8 method=com.sun.org.apache.xerces.internal.impl.io.UTF8Reader.read([CII)I @ 131
Event: 7.064 Thread 0x0000000019410000 Uncommon trap: reason=unstable_if action=reinterpret pc=0x0000000003e9d0a8 method=com.sun.org.apache.xerces.internal.impl.io.UTF8Reader.read([CII)I @ 131
Event: 7.064 Thread 0x0000000019410000 Uncommon trap: reason=unstable_if action=reinterpret pc=0x0000000003e48778 method=java.util.regex.Pattern$BitClass.isSatisfiedBy(I)Z @ 4
Event: 7.065 Thread 0x0000000019410000 Uncommon trap: reason=unstable_if action=reinterpret pc=0x0000000003e3da4c method=java.util.regex.Pattern$Ctype.isSatisfiedBy(I)Z @ 4
Event: 7.145 Thread 0x0000000019410000 Uncommon trap: reason=unstable_if action=reinterpret pc=0x0000000003e1e6b4 method=com.sun.org.apache.xerces.internal.impl.XMLEntityScanner.checkBeforeLoad(Lcom/sun/xml/internal/stream/Entity$ScannedEntity;II)I @ 18
Event: 7.427 Thread 0x0000000019410000 Uncommon trap: reason=unstable_if action=reinterpret pc=0x0000000003721124 method=java.lang.String.lastIndexOf([CII[CIII)I @ 17
Event: 7.509 Thread 0x0000000019410000 Uncommon trap: reason=unstable_if action=reinterpret pc=0x000000000338d254 method=java.util.concurrent.ConcurrentHashMap.putVal(Ljava/lang/Object;Ljava/lang/Object;Z)Ljava/lang/Object; @ 195
Event: 7.537 Thread 0x0000000019410000 Uncommon trap: reason=unstable_if action=reinterpret pc=0x000000000407a048 method=kotlin.reflect.jvm.internal.impl.protobuf.CodedInputStream.readRawVarint32()I @ 10
Event: 7.808 Thread 0x0000000019410000 Uncommon trap: reason=unstable_if action=reinterpret pc=0x000000000410f904 method=org.gradle.internal.reflect.PropertyAccessorType.of(Ljava/lang/reflect/Method;)Lorg/gradle/internal/reflect/PropertyAccessorType; @ 4
Event: 7.819 Thread 0x0000000019410000 Uncommon trap: reason=unstable_if action=reinterpret pc=0x0000000003c0a75c method=java.io.WinNTFileSystem.normalize(Ljava/lang/String;)Ljava/lang/String; @ 74

Classes redefined (0 events):
No events

Internal exceptions (10 events):
Event: 7.783 Thread 0x0000000019410000 Exception <a 'java/lang/ClassNotFoundException': com/android/build/gradle/internal/api/ApkVariantOutputImpl_DecoratedBeanInfo> (0x00000000e634f7c0) thrown at [D:\src\AOSP-openjdk-cygwin\jdk8u\hotspot\src\share\vm\classfile\systemDictionary.cpp, line 210]
Event: 7.786 Thread 0x0000000019410000 Exception <a 'java/lang/ClassNotFoundException': com/android/build/gradle/internal/api/ApkVariantOutputImplBeanInfo> (0x00000000e63698e8) thrown at [D:\src\AOSP-openjdk-cygwin\jdk8u\hotspot\src\share\vm\classfile\systemDictionary.cpp, line 210]
Event: 7.786 Thread 0x0000000019410000 Exception <a 'java/lang/ClassNotFoundException': com/android/build/gradle/internal/api/BaseVariantOutputImplBeanInfo> (0x00000000e63849c0) thrown at [D:\src\AOSP-openjdk-cygwin\jdk8u\hotspot\src\share\vm\classfile\systemDictionary.cpp, line 210]
Event: 7.787 Thread 0x0000000019410000 Exception <a 'java/lang/ClassNotFoundException': com/android/build/gradle/internal/api/BaseVariantOutputImplCustomizer> (0x00000000e639ff30) thrown at [D:\src\AOSP-openjdk-cygwin\jdk8u\hotspot\src\share\vm\classfile\systemDictionary.cpp, line 210]
Event: 7.788 Thread 0x0000000019410000 Exception <a 'java/lang/ClassNotFoundException': com/android/build/gradle/internal/api/ApkVariantOutputImplCustomizer> (0x00000000e63dd4f8) thrown at [D:\src\AOSP-openjdk-cygwin\jdk8u\hotspot\src\share\vm\classfile\systemDictionary.cpp, line 210]
Event: 7.788 Thread 0x0000000019410000 Exception <a 'java/lang/ClassNotFoundException': com/android/build/gradle/internal/api/ApkVariantOutputImpl_DecoratedCustomizer> (0x00000000e640d9c0) thrown at [D:\src\AOSP-openjdk-cygwin\jdk8u\hotspot\src\share\vm\classfile\systemDictionary.cpp, line 210
Event: 8.139 Thread 0x0000000019410000 Exception <a 'java/lang/NoSuchMethodError': java.lang.Object.lambda$static$0(Ljava/util/Set;Ljava/util/Set;)Z> (0x00000000e0bf0460) thrown at [D:\src\AOSP-openjdk-cygwin\jdk8u\hotspot\src\share\vm\interpreter\linkResolver.cpp, line 584]
Event: 8.139 Thread 0x0000000019410000 Exception <a 'java/lang/NoSuchMethodError': java.lang.Object.lambda$static$1(Ljava/util/Set;Ljava/util/Set;)Z> (0x00000000e0bf33d0) thrown at [D:\src\AOSP-openjdk-cygwin\jdk8u\hotspot\src\share\vm\interpreter\linkResolver.cpp, line 584]
Event: 8.139 Thread 0x0000000019410000 Exception <a 'java/lang/NoSuchMethodError': java.lang.Object.lambda$static$2(Ljava/util/Set;Ljava/util/Set;)Z> (0x00000000e0bf5f10) thrown at [D:\src\AOSP-openjdk-cygwin\jdk8u\hotspot\src\share\vm\interpreter\linkResolver.cpp, line 584]
Event: 8.140 Thread 0x0000000019410000 Exception <a 'java/lang/NoSuchMethodError': java.lang.Object.lambda$static$3(Ljava/util/Set;Ljava/util/Set;)Z> (0x00000000e0bf8a50) thrown at [D:\src\AOSP-openjdk-cygwin\jdk8u\hotspot\src\share\vm\interpreter\linkResolver.cpp, line 584]

Events (10 events):
Event: 8.293 loading class org/gradle/api/tasks/options/Option
Event: 8.293 loading class org/gradle/api/tasks/options/Option done
Event: 8.299 loading class org/gradle/api/tasks/diagnostics/AbstractReportTask$1
Event: 8.299 loading class org/gradle/api/tasks/diagnostics/AbstractReportTask$1 done
Event: 8.301 loading class org/gradle/api/tasks/diagnostics/DependencyInsightReportTask$AttributeMatchDetails
Event: 8.301 loading class org/gradle/api/tasks/diagnostics/DependencyInsightReportTask$AttributeMatchDetails done
Event: 8.302 loading class org/gradle/api/tasks/diagnostics/ResolutionErrorRenderer
Event: 8.302 loading class org/gradle/api/tasks/diagnostics/ResolutionErrorRenderer done
Event: 8.308 loading class org/gradle/api/plugins/HelpTasksPlugin$DependencyInsightReportTaskAction$1
Event: 8.308 loading class org/gradle/api/plugins/HelpTasksPlugin$DependencyInsightReportTaskAction$1 done


Dynamic libraries:
0x00007ff7226b0000 - 0x00007ff7226e1000 	D:\Program Files\Android\Android Studio\jre\bin\java.exe
0x00007ffe656f0000 - 0x00007ffe658d1000 	C:\WINDOWS\SYSTEM32\ntdll.dll
0x00007ffe63290000 - 0x00007ffe63341000 	C:\WINDOWS\System32\KERNEL32.DLL
0x00007ffe62170000 - 0x00007ffe623e3000 	C:\WINDOWS\System32\KERNELBASE.dll
0x00007ffe633d0000 - 0x00007ffe63471000 	C:\WINDOWS\System32\ADVAPI32.dll
0x00007ffe655a0000 - 0x00007ffe6563e000 	C:\WINDOWS\System32\msvcrt.dll
0x00007ffe65660000 - 0x00007ffe656bb000 	C:\WINDOWS\System32\sechost.dll
0x00007ffe630b0000 - 0x00007ffe631d4000 	C:\WINDOWS\System32\RPCRT4.dll
0x00007ffe649d0000 - 0x00007ffe64b60000 	C:\WINDOWS\System32\USER32.dll
0x00007ffe61fa0000 - 0x00007ffe61fc0000 	C:\WINDOWS\System32\win32u.dll
0x00007ffe64ed0000 - 0x00007ffe64ef8000 	C:\WINDOWS\System32\GDI32.dll
0x00007ffe61b60000 - 0x00007ffe61cf1000 	C:\WINDOWS\System32\gdi32full.dll
0x00007ffe61ac0000 - 0x00007ffe61b5f000 	C:\WINDOWS\System32\msvcp_win.dll
0x00007ffe62070000 - 0x00007ffe62168000 	C:\WINDOWS\System32\ucrtbase.dll
0x00007ffe53f40000 - 0x00007ffe541a9000 	C:\WINDOWS\WinSxS\amd64_microsoft.windows.common-controls_6595b64144ccf1df_6.0.17134.885_none_fb42a3473065565f\COMCTL32.dll
0x00007ffe62be0000 - 0x00007ffe62f02000 	C:\WINDOWS\System32\combase.dll
0x00007ffe62b00000 - 0x00007ffe62b79000 	C:\WINDOWS\System32\bcryptPrimitives.dll
0x00007ffe631e0000 - 0x00007ffe6320d000 	C:\WINDOWS\System32\IMM32.DLL
0x0000000074a60000 - 0x0000000074b32000 	D:\Program Files\Android\Android Studio\jre\jre\bin\msvcr100.dll
0x0000000074c40000 - 0x0000000075481000 	D:\Program Files\Android\Android Studio\jre\jre\bin\server\jvm.dll
0x00007ffe63220000 - 0x00007ffe63228000 	C:\WINDOWS\System32\PSAPI.DLL
0x00007ffe5fc70000 - 0x00007ffe5fc93000 	C:\WINDOWS\SYSTEM32\WINMM.dll
0x00007ffe51760000 - 0x00007ffe51769000 	C:\WINDOWS\SYSTEM32\WSOCK32.dll
0x00007ffe64ce0000 - 0x00007ffe64d4c000 	C:\WINDOWS\System32\WS2_32.dll
0x00007ffe5fb40000 - 0x00007ffe5fb6a000 	C:\WINDOWS\SYSTEM32\WINMMBASE.dll
0x00007ffe61f50000 - 0x00007ffe61f99000 	C:\WINDOWS\System32\cfgmgr32.dll
0x00007ffe5d080000 - 0x00007ffe5d08a000 	C:\WINDOWS\SYSTEM32\VERSION.dll
0x00007ffe53920000 - 0x00007ffe5392f000 	D:\Program Files\Android\Android Studio\jre\jre\bin\verify.dll
0x00007ffe50ac0000 - 0x00007ffe50ae9000 	D:\Program Files\Android\Android Studio\jre\jre\bin\java.dll
0x00007ffe50a40000 - 0x00007ffe50a56000 	D:\Program Files\Android\Android Studio\jre\jre\bin\zip.dll
0x00007ffe63480000 - 0x00007ffe648c0000 	C:\WINDOWS\System32\SHELL32.dll
0x00007ffe648c0000 - 0x00007ffe64969000 	C:\WINDOWS\System32\shcore.dll
0x00007ffe623f0000 - 0x00007ffe62afd000 	C:\WINDOWS\System32\windows.storage.dll
0x00007ffe63230000 - 0x00007ffe63281000 	C:\WINDOWS\System32\shlwapi.dll
0x00007ffe61a20000 - 0x00007ffe61a31000 	C:\WINDOWS\System32\kernel.appcore.dll
0x00007ffe61a50000 - 0x00007ffe61a6f000 	C:\WINDOWS\System32\profapi.dll
0x00007ffe61a70000 - 0x00007ffe61abc000 	C:\WINDOWS\System32\powrprof.dll
0x00007ffe61a40000 - 0x00007ffe61a4a000 	C:\WINDOWS\System32\FLTLIB.DLL
0x00007ffe48e20000 - 0x00007ffe48e3a000 	D:\Program Files\Android\Android Studio\jre\jre\bin\net.dll
0x00007ffe61200000 - 0x00007ffe61266000 	C:\WINDOWS\system32\mswsock.dll
0x00007ffe48e00000 - 0x00007ffe48e11000 	D:\Program Files\Android\Android Studio\jre\jre\bin\nio.dll
0x00007ffe54fc0000 - 0x00007ffe54fde000 	C:\Users\Administrator\.gradle\native\25\windows-amd64\native-platform.dll
0x00007ffe52060000 - 0x00007ffe5206d000 	D:\Program Files\Android\Android Studio\jre\jre\bin\management.dll
0x00007ffe613b0000 - 0x00007ffe613c7000 	C:\WINDOWS\SYSTEM32\CRYPTSP.dll
0x00007ffe60df0000 - 0x00007ffe60e23000 	C:\WINDOWS\system32\rsaenh.dll
0x00007ffe614e0000 - 0x00007ffe61505000 	C:\WINDOWS\SYSTEM32\bcrypt.dll
0x00007ffe61900000 - 0x00007ffe61928000 	C:\WINDOWS\SYSTEM32\USERENV.dll
0x00007ffe613d0000 - 0x00007ffe613db000 	C:\WINDOWS\SYSTEM32\CRYPTBASE.dll
0x00007ffe60f90000 - 0x00007ffe60fc8000 	C:\WINDOWS\SYSTEM32\IPHLPAPI.DLL
0x00007ffe63210000 - 0x00007ffe63218000 	C:\WINDOWS\System32\NSI.dll
0x00007ffe5b1b0000 - 0x00007ffe5b1c6000 	C:\WINDOWS\SYSTEM32\dhcpcsvc6.DLL
0x00007ffe5b130000 - 0x00007ffe5b14a000 	C:\WINDOWS\SYSTEM32\dhcpcsvc.DLL

VM Arguments:
jvm_args: -Xmx1536m -Dfile.encoding=GBK -Duser.country=CN -Duser.language=zh -Duser.variant 
java_command: org.gradle.launcher.daemon.bootstrap.GradleDaemon 5.1.1
java_class_path (initial): C:\Users\Administrator\.gradle\wrapper\dists\gradle-5.1.1-all\97z1ksx6lirer3kbvdnh7jtjg\gradle-5.1.1\lib\gradle-launcher-5.1.1.jar
Launcher Type: SUN_STANDARD

Environment Variables:
JAVA_HOME=C:\Program Files\Java\jdk1.8.0_131
CLASSPATH=.;C:\Program Files\Java\jdk1.8.0_131\lib\dt.jar;C:\Program Files\Java\jdk1.8.0_131\lib\tools.jar
USERNAME=Administrator
OS=Windows_NT
PROCESSOR_IDENTIFIER=Intel64 Family 6 Model 94 Stepping 3, GenuineIntel



---------------  S Y S T E M  ---------------

OS: Windows 10.0 , 64 bit Build 17134 (10.0.17134.753)

CPU:total 4 (initial active 4) (4 cores per cpu, 1 threads per core) family 6 model 94 stepping 3, cmov, cx8, fxsr, mmx, sse, sse2, sse3, ssse3, sse4.1, sse4.2, popcnt, avx, avx2, aes, clmul, erms, 3dnowpref, lzcnt, tsc, tscinvbit, bmi1, bmi2, adx

Memory: 4k page, physical 16674352k(6766412k free), swap 17722928k(3408k free)

vm_info: OpenJDK 64-Bit Server VM (25.152-b01) for windows-amd64 JRE (1.8.0_152-release-1343-b01), built by "builder" with MS VC++ 10.0 (VS2010)

time: Sat Sep 07 12:11:37 2019
elapsed time: 8 seconds (0d 0h 0m 8s)

