#
# There is insufficient memory for the Java Runtime Environment to continue.
# Native memory allocation (malloc) failed to allocate 1114976 bytes for Chunk::new
# Possible reasons:
#   The system is out of physical RAM or swap space
#   In 32 bit mode, the process size limit was hit
# Possible solutions:
#   Reduce memory load on the system
#   Increase physical memory or swap space
#   Check if swap backing store is full
#   Use 64 bit Java on a 64 bit OS
#   Decrease Java heap size (-Xmx/-Xms)
#   Decrease number of Java threads
#   Decrease Java thread stack sizes (-Xss)
#   Set larger code cache with -XX:ReservedCodeCacheSize=
# This output file may be truncated or incomplete.
#
#  Out of Memory Error (allocation.cpp:390), pid=3620, tid=0x00000000000019cc
#
# JRE version: OpenJDK Runtime Environment (8.0_152-b01) (build 1.8.0_152-release-1343-b01)
# Java VM: OpenJDK 64-Bit Server VM (25.152-b01 mixed mode windows-amd64 compressed oops)
# Failed to write core dump. Minidumps are not enabled by default on client versions of Windows
#

---------------  T H R E A D  ---------------

Current thread (0x0000000016a6b000):  JavaThread "C2 CompilerThread0" daemon [_thread_in_native, id=6604, stack(0x0000000018370000,0x0000000018470000)]

Stack: [0x0000000018370000,0x0000000018470000]
[error occurred during error reporting (printing stack bounds), id 0xc0000005]

Native frames: (J=compiled Java code, j=interpreted, Vv=VM code, C=native code)


Current CompileTask:
C2: 153725 12152       4       org.gradle.internal.logging.sink.OutputEventTransformer::onOutput (399 bytes)


---------------  P R O C E S S  ---------------

Java Threads: ( => current thread )
  0x0000000019f65000 JavaThread "Cache worker for Build Output Cleanup Cache (E:\Projects\Android\bangguo\.gradle\buildOutputCleanup)" [_thread_blocked, id=16964, stack(0x0000000027c60000,0x0000000027d60000)]
  0x000000001a7a1000 JavaThread "pool-4-thread-1" [_thread_blocked, id=18848, stack(0x0000000027b60000,0x0000000027c60000)]
  0x000000001a7a5800 JavaThread "Build operations Thread 4" [_thread_blocked, id=14224, stack(0x0000000027a60000,0x0000000027b60000)]
  0x000000001a7a5000 JavaThread "Build operations Thread 3" [_thread_blocked, id=15876, stack(0x0000000027960000,0x0000000027a60000)]
  0x000000001a79b000 JavaThread "Build operations Thread 2" [_thread_blocked, id=1080, stack(0x0000000027860000,0x0000000027960000)]
  0x000000001a798000 JavaThread "Build operations" [_thread_blocked, id=17912, stack(0x0000000027760000,0x0000000027860000)]
  0x000000001a79a800 JavaThread "Cache worker for cache directory md-rule (C:\Users\Administrator\.gradle\caches\5.1.1\md-rule)" [_thread_blocked, id=16088, stack(0x0000000027660000,0x0000000027760000)]
  0x000000001a79f000 JavaThread "Cache worker for cache directory md-supplier (C:\Users\Administrator\.gradle\caches\5.1.1\md-supplier)" [_thread_blocked, id=9436, stack(0x0000000027560000,0x0000000027660000)]
  0x000000001a799000 JavaThread "Cache worker for file hash cache (E:\Projects\Android\bangguo\.gradle\5.1.1\fileHashes)" [_thread_blocked, id=17404, stack(0x0000000027460000,0x0000000027560000)]
  0x0000000018d7d800 JavaThread "Thread-31" [_thread_blocked, id=10400, stack(0x0000000027360000,0x0000000027460000)]
  0x0000000018d82800 JavaThread "Stdin handler" [_thread_blocked, id=18824, stack(0x0000000027260000,0x0000000027360000)]
  0x0000000018d82000 JavaThread "Asynchronous log dispatcher for DefaultDaemonConnection: socket connection from /127.0.0.1:58345 to /127.0.0.1:58501" [_thread_blocked, id=9896, stack(0x0000000027160000,0x0000000027260000)]
  0x0000000018d7c800 JavaThread "Daemon worker Thread 2" [_thread_in_vm, id=19868, stack(0x0000000027060000,0x0000000027160000)]
  0x0000000018d81000 JavaThread "Cancel handler" [_thread_blocked, id=18368, stack(0x0000000026f60000,0x0000000027060000)]
  0x0000000018d80800 JavaThread "Handler for socket connection from /127.0.0.1:58345 to /127.0.0.1:58501" [_thread_in_native, id=7772, stack(0x0000000026e60000,0x0000000026f60000)]
  0x0000000018d7f800 JavaThread "Daemon Thread 2" [_thread_blocked, id=592, stack(0x0000000024d20000,0x0000000024e20000)]
  0x000000001a7a2800 JavaThread "Memory manager" [_thread_blocked, id=3720, stack(0x0000000023e40000,0x0000000023f40000)]
  0x000000001a799800 JavaThread "Cache worker for execution history cache (C:\Users\Administrator\.gradle\caches\5.1.1\executionHistory)" [_thread_blocked, id=7724, stack(0x00000000219b0000,0x0000000021ab0000)]
  0x0000000019f65800 JavaThread "Cache worker for journal cache (C:\Users\Administrator\.gradle\caches\journal-1)" [_thread_blocked, id=9384, stack(0x000000001bfc0000,0x000000001c0c0000)]
  0x0000000019f68000 JavaThread "File lock request listener" [_thread_in_native, id=4324, stack(0x000000001bec0000,0x000000001bfc0000)]
  0x000000001a04f800 JavaThread "Cache worker for file hash cache (C:\Users\Administrator\.gradle\caches\5.1.1\fileHashes)" [_thread_blocked, id=19912, stack(0x000000001bdc0000,0x000000001bec0000)]
  0x0000000019fcc000 JavaThread "Daemon periodic checks" [_thread_blocked, id=9696, stack(0x000000001b3c0000,0x000000001b4c0000)]
  0x0000000019bd7000 JavaThread "Incoming local TCP Connector on port 58345" [_thread_in_native, id=6424, stack(0x000000001b210000,0x000000001b310000)]
  0x0000000017e08800 JavaThread "Service Thread" daemon [_thread_blocked, id=10508, stack(0x0000000018670000,0x0000000018770000)]
  0x0000000017da8800 JavaThread "C1 CompilerThread2" daemon [_thread_blocked, id=15796, stack(0x0000000018570000,0x0000000018670000)]
  0x0000000017d7a000 JavaThread "C2 CompilerThread1" daemon [_thread_in_native, id=18456, stack(0x0000000018470000,0x0000000018570000)]
=>0x0000000016a6b000 JavaThread "C2 CompilerThread0" daemon [_thread_in_native, id=6604, stack(0x0000000018370000,0x0000000018470000)]
  0x0000000016a6a000 JavaThread "Attach Listener" daemon [_thread_blocked, id=17112, stack(0x0000000018270000,0x0000000018370000)]
  0x0000000016a1f800 JavaThread "Signal Dispatcher" daemon [_thread_blocked, id=11068, stack(0x0000000018170000,0x0000000018270000)]
  0x0000000003098000 JavaThread "Finalizer" daemon [_thread_blocked, id=14616, stack(0x0000000017c70000,0x0000000017d70000)]
  0x0000000003092800 JavaThread "Reference Handler" daemon [_thread_blocked, id=1052, stack(0x0000000017b70000,0x0000000017c70000)]
  0x0000000002fa2800 JavaThread "main" [_thread_blocked, id=20392, stack(0x0000000002a90000,0x0000000002b90000)]

Other Threads:
  0x00000000169d7800 VMThread [stack: 0x0000000017a70000,0x0000000017b70000] [id=4192]
  0x0000000017e09800 WatcherThread [stack: 0x0000000018770000,0x0000000018870000] [id=19964]

VM state:not at safepoint (normal execution)

VM Mutex/Monitor currently owned by a thread: None

Heap:
 PSYoungGen      total 220160K, used 74225K [0x00000000e0000000, 0x00000000f1400000, 0x0000000100000000)
  eden space 190976K, 27% used [0x00000000e0000000,0x00000000e32c7f30,0x00000000eba80000)
  from space 29184K, 76% used [0x00000000eda80000,0x00000000ef034768,0x00000000ef700000)
  to   space 32768K, 0% used [0x00000000eba80000,0x00000000eba80000,0x00000000eda80000)
 ParOldGen       total 292864K, used 64039K [0x00000000a0000000, 0x00000000b1e00000, 0x00000000e0000000)
  object space 292864K, 21% used [0x00000000a0000000,0x00000000a3e89ca8,0x00000000b1e00000)
 Metaspace       used 86802K, capacity 90698K, committed 90840K, reserved 1128448K
  class space    used 11438K, capacity 12258K, committed 12288K, reserved 1048576K

Card table byte_map: [0x0000000012460000,0x0000000012770000] byte_map_base: 0x0000000011f60000

Marking Bits: (ParMarkBitMap*) 0x0000000075405aa0
 Begin Bits: [0x0000000012d70000, 0x0000000014570000)
 End Bits:   [0x0000000014570000, 0x0000000015d70000)

Polling page: 0x0000000001190000

CodeCache: size=245760Kb used=34332Kb max_used=34332Kb free=211427Kb
 bounds [0x00000000030a0000, 0x0000000005250000, 0x00000000120a0000]
 total_blobs=11209 nmethods=10394 adapters=727
 compilation: enabled

Compilation events (10 events):
Event: 153.682 Thread 0x0000000017da8800 12314       3       com.google.common.base.Preconditions::checkState (13 bytes)
Event: 153.682 Thread 0x0000000017da8800 nmethod 12314 0x000000000524a590 code [0x000000000524a700, 0x000000000524a928]
Event: 153.684 Thread 0x0000000017da8800 12315       3       com.google.common.collect.RegularImmutableSet::contains (56 bytes)
Event: 153.684 Thread 0x0000000017da8800 nmethod 12315 0x000000000524aa10 code [0x000000000524abc0, 0x000000000524b238]
Event: 153.687 Thread 0x0000000017da8800 12316   !   3       sun.reflect.BootstrapConstructorAccessorImpl::newInstance (24 bytes)
Event: 153.687 Thread 0x0000000017da8800 nmethod 12316 0x000000000524b510 code [0x000000000524b6a0, 0x000000000524ba38]
Event: 153.687 Thread 0x0000000017da8800 12317       3       org.gradle.api.internal.tasks.DefaultTaskInputFilePropertySpec::<init> (39 bytes)
Event: 153.688 Thread 0x0000000017da8800 nmethod 12317 0x000000000524bbd0 code [0x000000000524bd60, 0x000000000524c1b0]
Event: 153.689 Thread 0x0000000017da8800 12318       3       com.google.common.collect.Iterators::forArray (51 bytes)
Event: 153.689 Thread 0x0000000017da8800 nmethod 12318 0x000000000524c410 code [0x000000000524c640, 0x000000000524d158]

GC Heap History (10 events):
Event: 18.385 GC heap before
{Heap before GC invocations=17 (full 3):
 PSYoungGen      total 185344K, used 185335K [0x00000000e0000000, 0x00000000ef700000, 0x0000000100000000)
  eden space 159232K, 100% used [0x00000000e0000000,0x00000000e9b80000,0x00000000e9b80000)
  from space 26112K, 99% used [0x00000000e9b80000,0x00000000eb4fddf0,0x00000000eb500000)
  to   space 29184K, 0% used [0x00000000eda80000,0x00000000eda80000,0x00000000ef700000)
 ParOldGen       total 292864K, used 42519K [0x00000000a0000000, 0x00000000b1e00000, 0x00000000e0000000)
  object space 292864K, 14% used [0x00000000a0000000,0x00000000a2985e28,0x00000000b1e00000)
 Metaspace       used 69883K, capacity 72670K, committed 72792K, reserved 1112064K
  class space    used 9371K, capacity 10055K, committed 10112K, reserved 1048576K
Event: 18.427 GC heap after
Heap after GC invocations=17 (full 3):
 PSYoungGen      total 220160K, used 28132K [0x00000000e0000000, 0x00000000f1400000, 0x0000000100000000)
  eden space 190976K, 0% used [0x00000000e0000000,0x00000000e0000000,0x00000000eba80000)
  from space 29184K, 96% used [0x00000000eda80000,0x00000000ef5f9200,0x00000000ef700000)
  to   space 32768K, 0% used [0x00000000eba80000,0x00000000eba80000,0x00000000eda80000)
 ParOldGen       total 292864K, used 42527K [0x00000000a0000000, 0x00000000b1e00000, 0x00000000e0000000)
  object space 292864K, 14% used [0x00000000a0000000,0x00000000a2987e28,0x00000000b1e00000)
 Metaspace       used 69883K, capacity 72670K, committed 72792K, reserved 1112064K
  class space    used 9371K, capacity 10055K, committed 10112K, reserved 1048576K
}
Event: 18.677 GC heap before
{Heap before GC invocations=18 (full 3):
 PSYoungGen      total 220160K, used 219108K [0x00000000e0000000, 0x00000000f1400000, 0x0000000100000000)
  eden space 190976K, 100% used [0x00000000e0000000,0x00000000eba80000,0x00000000eba80000)
  from space 29184K, 96% used [0x00000000eda80000,0x00000000ef5f9200,0x00000000ef700000)
  to   space 32768K, 0% used [0x00000000eba80000,0x00000000eba80000,0x00000000eda80000)
 ParOldGen       total 292864K, used 42527K [0x00000000a0000000, 0x00000000b1e00000, 0x00000000e0000000)
  object space 292864K, 14% used [0x00000000a0000000,0x00000000a2987e28,0x00000000b1e00000)
 Metaspace       used 69938K, capacity 72744K, committed 73048K, reserved 1112064K
  class space    used 9372K, capacity 10056K, committed 10112K, reserved 1048576K
Event: 18.713 GC heap after
Heap after GC invocations=18 (full 3):
 PSYoungGen      total 223744K, used 29929K [0x00000000e0000000, 0x00000000f1400000, 0x0000000100000000)
  eden space 190976K, 0% used [0x00000000e0000000,0x00000000e0000000,0x00000000eba80000)
  from space 32768K, 91% used [0x00000000eba80000,0x00000000ed7ba578,0x00000000eda80000)
  to   space 29184K, 0% used [0x00000000eda80000,0x00000000eda80000,0x00000000ef700000)
 ParOldGen       total 292864K, used 42535K [0x00000000a0000000, 0x00000000b1e00000, 0x00000000e0000000)
  object space 292864K, 14% used [0x00000000a0000000,0x00000000a2989e28,0x00000000b1e00000)
 Metaspace       used 69938K, capacity 72744K, committed 73048K, reserved 1112064K
  class space    used 9372K, capacity 10056K, committed 10112K, reserved 1048576K
}
Event: 19.094 GC heap before
{Heap before GC invocations=19 (full 3):
 PSYoungGen      total 223744K, used 220905K [0x00000000e0000000, 0x00000000f1400000, 0x0000000100000000)
  eden space 190976K, 100% used [0x00000000e0000000,0x00000000eba80000,0x00000000eba80000)
  from space 32768K, 91% used [0x00000000eba80000,0x00000000ed7ba578,0x00000000eda80000)
  to   space 29184K, 0% used [0x00000000eda80000,0x00000000eda80000,0x00000000ef700000)
 ParOldGen       total 292864K, used 42535K [0x00000000a0000000, 0x00000000b1e00000, 0x00000000e0000000)
  object space 292864K, 14% used [0x00000000a0000000,0x00000000a2989e28,0x00000000b1e00000)
 Metaspace       used 69973K, capacity 72808K, committed 73048K, reserved 1112064K
  class space    used 9372K, capacity 10056K, committed 10112K, reserved 1048576K
Event: 19.119 GC heap after
Heap after GC invocations=19 (full 3):
 PSYoungGen      total 220160K, used 23552K [0x00000000e0000000, 0x00000000f1400000, 0x0000000100000000)
  eden space 190976K, 0% used [0x00000000e0000000,0x00000000e0000000,0x00000000eba80000)
  from space 29184K, 80% used [0x00000000eda80000,0x00000000ef180168,0x00000000ef700000)
  to   space 32768K, 0% used [0x00000000eba80000,0x00000000eba80000,0x00000000eda80000)
 ParOldGen       total 292864K, used 49059K [0x00000000a0000000, 0x00000000b1e00000, 0x00000000e0000000)
  object space 292864K, 16% used [0x00000000a0000000,0x00000000a2fe8ec8,0x00000000b1e00000)
 Metaspace       used 69973K, capacity 72808K, committed 73048K, reserved 1112064K
  class space    used 9372K, capacity 10056K, committed 10112K, reserved 1048576K
}
Event: 20.225 GC heap before
{Heap before GC invocations=20 (full 3):
 PSYoungGen      total 220160K, used 214513K [0x00000000e0000000, 0x00000000f1400000, 0x0000000100000000)
  eden space 190976K, 99% used [0x00000000e0000000,0x00000000eba7c4a0,0x00000000eba80000)
  from space 29184K, 80% used [0x00000000eda80000,0x00000000ef180168,0x00000000ef700000)
  to   space 32768K, 0% used [0x00000000eba80000,0x00000000eba80000,0x00000000eda80000)
 ParOldGen       total 292864K, used 49059K [0x00000000a0000000, 0x00000000b1e00000, 0x00000000e0000000)
  object space 292864K, 16% used [0x00000000a0000000,0x00000000a2fe8ec8,0x00000000b1e00000)
 Metaspace       used 71859K, capacity 74712K, committed 74968K, reserved 1114112K
  class space    used 9496K, capacity 10168K, committed 10240K, reserved 1048576K
Event: 20.254 GC heap after
Heap after GC invocations=20 (full 3):
 PSYoungGen      total 223744K, used 4882K [0x00000000e0000000, 0x00000000f1400000, 0x0000000100000000)
  eden space 190976K, 0% used [0x00000000e0000000,0x00000000e0000000,0x00000000eba80000)
  from space 32768K, 14% used [0x00000000eba80000,0x00000000ebf44950,0x00000000eda80000)
  to   space 29184K, 0% used [0x00000000eda80000,0x00000000eda80000,0x00000000ef700000)
 ParOldGen       total 292864K, used 61811K [0x00000000a0000000, 0x00000000b1e00000, 0x00000000e0000000)
  object space 292864K, 21% used [0x00000000a0000000,0x00000000a3c5cc68,0x00000000b1e00000)
 Metaspace       used 71859K, capacity 74712K, committed 74968K, reserved 1114112K
  class space    used 9496K, capacity 10168K, committed 10240K, reserved 1048576K
}
Event: 152.986 GC heap before
{Heap before GC invocations=21 (full 3):
 PSYoungGen      total 223744K, used 195858K [0x00000000e0000000, 0x00000000f1400000, 0x0000000100000000)
  eden space 190976K, 100% used [0x00000000e0000000,0x00000000eba80000,0x00000000eba80000)
  from space 32768K, 14% used [0x00000000eba80000,0x00000000ebf44950,0x00000000eda80000)
  to   space 29184K, 0% used [0x00000000eda80000,0x00000000eda80000,0x00000000ef700000)
 ParOldGen       total 292864K, used 61811K [0x00000000a0000000, 0x00000000b1e00000, 0x00000000e0000000)
  object space 292864K, 21% used [0x00000000a0000000,0x00000000a3c5cc68,0x00000000b1e00000)
 Metaspace       used 82806K, capacity 86140K, committed 86360K, reserved 1124352K
  class space    used 10813K, capacity 11539K, committed 11648K, reserved 1048576K
Event: 153.000 GC heap after
Heap after GC invocations=21 (full 3):
 PSYoungGen      total 220160K, used 22225K [0x00000000e0000000, 0x00000000f1400000, 0x0000000100000000)
  eden space 190976K, 0% used [0x00000000e0000000,0x00000000e0000000,0x00000000eba80000)
  from space 29184K, 76% used [0x00000000eda80000,0x00000000ef034768,0x00000000ef700000)
  to   space 32768K, 0% used [0x00000000eba80000,0x00000000eba80000,0x00000000eda80000)
 ParOldGen       total 292864K, used 64039K [0x00000000a0000000, 0x00000000b1e00000, 0x00000000e0000000)
  object space 292864K, 21% used [0x00000000a0000000,0x00000000a3e89ca8,0x00000000b1e00000)
 Metaspace       used 82806K, capacity 86140K, committed 86360K, reserved 1124352K
  class space    used 10813K, capacity 11539K, committed 11648K, reserved 1048576K
}

Deoptimization events (10 events):
Event: 151.424 Thread 0x0000000018d7c800 Uncommon trap: reason=class_check action=maybe_recompile pc=0x000000000485ab58 method=org.gradle.api.internal.artifacts.ivyservice.resolveengine.graph.builder.NodeState.maybeSubstitute(Lorg/gradle/api/internal/artifacts/ivyservice/resolveengine/graph/buil
Event: 151.424 Thread 0x0000000018d7c800 Uncommon trap: reason=class_check action=maybe_recompile pc=0x000000000485ab58 method=org.gradle.api.internal.artifacts.ivyservice.resolveengine.graph.builder.NodeState.maybeSubstitute(Lorg/gradle/api/internal/artifacts/ivyservice/resolveengine/graph/buil
Event: 151.424 Thread 0x0000000018d7c800 Uncommon trap: reason=class_check action=maybe_recompile pc=0x000000000485ab58 method=org.gradle.api.internal.artifacts.ivyservice.resolveengine.graph.builder.NodeState.maybeSubstitute(Lorg/gradle/api/internal/artifacts/ivyservice/resolveengine/graph/buil
Event: 151.432 Thread 0x0000000018d7c800 Uncommon trap: reason=class_check action=maybe_recompile pc=0x000000000495663c method=org.gradle.internal.component.model.AttributeConfigurationSelector.selectConfigurationUsingAttributeMatching(Lorg/gradle/api/internal/attributes/ImmutableAttributes;Lorg
Event: 151.432 Thread 0x0000000018d7c800 Uncommon trap: reason=class_check action=maybe_recompile pc=0x000000000495663c method=org.gradle.internal.component.model.AttributeConfigurationSelector.selectConfigurationUsingAttributeMatching(Lorg/gradle/api/internal/attributes/ImmutableAttributes;Lorg
Event: 151.432 Thread 0x0000000018d7c800 Uncommon trap: reason=class_check action=maybe_recompile pc=0x000000000495663c method=org.gradle.internal.component.model.AttributeConfigurationSelector.selectConfigurationUsingAttributeMatching(Lorg/gradle/api/internal/attributes/ImmutableAttributes;Lorg
Event: 151.432 Thread 0x0000000018d7c800 Uncommon trap: reason=class_check action=maybe_recompile pc=0x000000000495663c method=org.gradle.internal.component.model.AttributeConfigurationSelector.selectConfigurationUsingAttributeMatching(Lorg/gradle/api/internal/attributes/ImmutableAttributes;Lorg
Event: 151.937 Thread 0x0000000018d7c800 Uncommon trap: reason=class_check action=maybe_recompile pc=0x000000000496de4c method=java.security.MessageDigest$Delegate.clone()Ljava/lang/Object; @ 4
Event: 151.939 Thread 0x0000000018d7c800 Uncommon trap: reason=class_check action=maybe_recompile pc=0x000000000496de4c method=java.security.MessageDigest$Delegate.clone()Ljava/lang/Object; @ 4
Event: 153.312 Thread 0x0000000018d7c800 Uncommon trap: reason=null_check action=make_not_entrant pc=0x00000000050d24f8 method=org.gradle.api.internal.AbstractClassGenerator.isModelProperty(Lorg/gradle/api/internal/AbstractClassGenerator$PropertyMetaData;)Z @ 30

Classes redefined (0 events):
No events

Internal exceptions (10 events):
Event: 153.323 Thread 0x0000000018d7c800 Exception <a 'java/lang/ClassNotFoundException': com/android/build/gradle/internal/api/ApkVariantOutputImpl_DecoratedBeanInfo> (0x00000000e15af500) thrown at [D:\src\AOSP-openjdk-cygwin\jdk8u\hotspot\src\share\vm\classfile\systemDictionary.cpp, line 210]
Event: 153.323 Thread 0x0000000018d7c800 Exception <a 'java/lang/ClassNotFoundException': com/android/build/gradle/internal/api/ApkVariantOutputImplBeanInfo> (0x00000000e15c93c8) thrown at [D:\src\AOSP-openjdk-cygwin\jdk8u\hotspot\src\share\vm\classfile\systemDictionary.cpp, line 210]
Event: 153.324 Thread 0x0000000018d7c800 Exception <a 'java/lang/ClassNotFoundException': com/android/build/gradle/internal/api/BaseVariantOutputImplBeanInfo> (0x00000000e15e41a0) thrown at [D:\src\AOSP-openjdk-cygwin\jdk8u\hotspot\src\share\vm\classfile\systemDictionary.cpp, line 210]
Event: 153.324 Thread 0x0000000018d7c800 Exception <a 'java/lang/ClassNotFoundException': com/android/build/gradle/internal/api/BaseVariantOutputImplCustomizer> (0x00000000e15ff4a0) thrown at [D:\src\AOSP-openjdk-cygwin\jdk8u\hotspot\src\share\vm\classfile\systemDictionary.cpp, line 210]
Event: 153.325 Thread 0x0000000018d7c800 Exception <a 'java/lang/ClassNotFoundException': com/android/build/gradle/internal/api/ApkVariantOutputImplCustomizer> (0x00000000e163b8c0) thrown at [D:\src\AOSP-openjdk-cygwin\jdk8u\hotspot\src\share\vm\classfile\systemDictionary.cpp, line 210]
Event: 153.326 Thread 0x0000000018d7c800 Exception <a 'java/lang/ClassNotFoundException': com/android/build/gradle/internal/api/ApkVariantOutputImpl_DecoratedCustomizer> (0x00000000e166bae0) thrown at [D:\src\AOSP-openjdk-cygwin\jdk8u\hotspot\src\share\vm\classfile\systemDictionary.cpp, line 210
Event: 153.392 Thread 0x0000000018d7c800 Exception <a 'java/lang/NoSuchMethodError': java.lang.Object.lambda$static$0(Ljava/util/Set;Ljava/util/Set;)Z> (0x00000000e1b25e40) thrown at [D:\src\AOSP-openjdk-cygwin\jdk8u\hotspot\src\share\vm\interpreter\linkResolver.cpp, line 584]
Event: 153.393 Thread 0x0000000018d7c800 Exception <a 'java/lang/NoSuchMethodError': java.lang.Object.lambda$static$1(Ljava/util/Set;Ljava/util/Set;)Z> (0x00000000e1b28af8) thrown at [D:\src\AOSP-openjdk-cygwin\jdk8u\hotspot\src\share\vm\interpreter\linkResolver.cpp, line 584]
Event: 153.393 Thread 0x0000000018d7c800 Exception <a 'java/lang/NoSuchMethodError': java.lang.Object.lambda$static$2(Ljava/util/Set;Ljava/util/Set;)Z> (0x00000000e1b2b638) thrown at [D:\src\AOSP-openjdk-cygwin\jdk8u\hotspot\src\share\vm\interpreter\linkResolver.cpp, line 584]
Event: 153.393 Thread 0x0000000018d7c800 Exception <a 'java/lang/NoSuchMethodError': java.lang.Object.lambda$static$3(Ljava/util/Set;Ljava/util/Set;)Z> (0x00000000e1b2e178) thrown at [D:\src\AOSP-openjdk-cygwin\jdk8u\hotspot\src\share\vm\interpreter\linkResolver.cpp, line 584]

Events (10 events):
Event: 153.694 loading class org/gradle/api/Task
Event: 153.694 loading class org/gradle/api/Task done
Event: 153.694 loading class org/gradle/api/Task
Event: 153.694 loading class org/gradle/api/Task done
Event: 153.694 loading class com/android/build/gradle/internal/tasks/UninstallTask
Event: 153.694 loading class com/android/build/gradle/internal/tasks/UninstallTask done
Event: 153.696 loading class com/android/build/gradle/internal/scope/VariantScope
Event: 153.696 loading class com/android/build/gradle/internal/scope/VariantScope done
Event: 153.696 loading class com/android/build/gradle/internal/scope/VariantScope
Event: 153.696 loading class com/android/build/gradle/internal/scope/VariantScope done


Dynamic libraries:
0x00007ff7226b0000 - 0x00007ff7226e1000 	D:\Program Files\Android\Android Studio\jre\bin\java.exe
0x00007ffe656f0000 - 0x00007ffe658d1000 	C:\WINDOWS\SYSTEM32\ntdll.dll
0x00007ffe63290000 - 0x00007ffe63341000 	C:\WINDOWS\System32\KERNEL32.DLL
0x00007ffe62170000 - 0x00007ffe623e3000 	C:\WINDOWS\System32\KERNELBASE.dll
0x00007ffe633d0000 - 0x00007ffe63471000 	C:\WINDOWS\System32\ADVAPI32.dll
0x00007ffe655a0000 - 0x00007ffe6563e000 	C:\WINDOWS\System32\msvcrt.dll
0x00007ffe65660000 - 0x00007ffe656bb000 	C:\WINDOWS\System32\sechost.dll
0x00007ffe630b0000 - 0x00007ffe631d4000 	C:\WINDOWS\System32\RPCRT4.dll
0x00007ffe649d0000 - 0x00007ffe64b60000 	C:\WINDOWS\System32\USER32.dll
0x00007ffe61fa0000 - 0x00007ffe61fc0000 	C:\WINDOWS\System32\win32u.dll
0x00007ffe64ed0000 - 0x00007ffe64ef8000 	C:\WINDOWS\System32\GDI32.dll
0x00007ffe61b60000 - 0x00007ffe61cf1000 	C:\WINDOWS\System32\gdi32full.dll
0x00007ffe61ac0000 - 0x00007ffe61b5f000 	C:\WINDOWS\System32\msvcp_win.dll
0x00007ffe62070000 - 0x00007ffe62168000 	C:\WINDOWS\System32\ucrtbase.dll
0x00007ffe53f40000 - 0x00007ffe541a9000 	C:\WINDOWS\WinSxS\amd64_microsoft.windows.common-controls_6595b64144ccf1df_6.0.17134.885_none_fb42a3473065565f\COMCTL32.dll
0x00007ffe62be0000 - 0x00007ffe62f02000 	C:\WINDOWS\System32\combase.dll
0x00007ffe62b00000 - 0x00007ffe62b79000 	C:\WINDOWS\System32\bcryptPrimitives.dll
0x00007ffe631e0000 - 0x00007ffe6320d000 	C:\WINDOWS\System32\IMM32.DLL
0x0000000074a60000 - 0x0000000074b32000 	D:\Program Files\Android\Android Studio\jre\jre\bin\msvcr100.dll
0x0000000074c40000 - 0x0000000075481000 	D:\Program Files\Android\Android Studio\jre\jre\bin\server\jvm.dll
0x00007ffe63220000 - 0x00007ffe63228000 	C:\WINDOWS\System32\PSAPI.DLL
0x00007ffe51760000 - 0x00007ffe51769000 	C:\WINDOWS\SYSTEM32\WSOCK32.dll
0x00007ffe5d080000 - 0x00007ffe5d08a000 	C:\WINDOWS\SYSTEM32\VERSION.dll
0x00007ffe5fc70000 - 0x00007ffe5fc93000 	C:\WINDOWS\SYSTEM32\WINMM.dll
0x00007ffe64ce0000 - 0x00007ffe64d4c000 	C:\WINDOWS\System32\WS2_32.dll
0x00007ffe5fb40000 - 0x00007ffe5fb6a000 	C:\WINDOWS\SYSTEM32\winmmbase.dll
0x00007ffe61f50000 - 0x00007ffe61f99000 	C:\WINDOWS\System32\cfgmgr32.dll
0x00007ffe53920000 - 0x00007ffe5392f000 	D:\Program Files\Android\Android Studio\jre\jre\bin\verify.dll
0x00007ffe50ac0000 - 0x00007ffe50ae9000 	D:\Program Files\Android\Android Studio\jre\jre\bin\java.dll
0x00007ffe50a40000 - 0x00007ffe50a56000 	D:\Program Files\Android\Android Studio\jre\jre\bin\zip.dll
0x00007ffe63480000 - 0x00007ffe648c0000 	C:\WINDOWS\System32\SHELL32.dll
0x00007ffe648c0000 - 0x00007ffe64969000 	C:\WINDOWS\System32\shcore.dll
0x00007ffe623f0000 - 0x00007ffe62afd000 	C:\WINDOWS\System32\windows.storage.dll
0x00007ffe63230000 - 0x00007ffe63281000 	C:\WINDOWS\System32\shlwapi.dll
0x00007ffe61a20000 - 0x00007ffe61a31000 	C:\WINDOWS\System32\kernel.appcore.dll
0x00007ffe61a50000 - 0x00007ffe61a6f000 	C:\WINDOWS\System32\profapi.dll
0x00007ffe61a70000 - 0x00007ffe61abc000 	C:\WINDOWS\System32\powrprof.dll
0x00007ffe61a40000 - 0x00007ffe61a4a000 	C:\WINDOWS\System32\FLTLIB.DLL
0x00007ffe48e20000 - 0x00007ffe48e3a000 	D:\Program Files\Android\Android Studio\jre\jre\bin\net.dll
0x00007ffe61200000 - 0x00007ffe61266000 	C:\WINDOWS\system32\mswsock.dll
0x00007ffe48e00000 - 0x00007ffe48e11000 	D:\Program Files\Android\Android Studio\jre\jre\bin\nio.dll
0x00007ffe54fc0000 - 0x00007ffe54fde000 	C:\Users\Administrator\.gradle\native\25\windows-amd64\native-platform.dll
0x00007ffe52060000 - 0x00007ffe5206d000 	D:\Program Files\Android\Android Studio\jre\jre\bin\management.dll
0x00007ffe613b0000 - 0x00007ffe613c7000 	C:\WINDOWS\SYSTEM32\CRYPTSP.dll
0x00007ffe60df0000 - 0x00007ffe60e23000 	C:\WINDOWS\system32\rsaenh.dll
0x00007ffe614e0000 - 0x00007ffe61505000 	C:\WINDOWS\SYSTEM32\bcrypt.dll
0x00007ffe61900000 - 0x00007ffe61928000 	C:\WINDOWS\SYSTEM32\USERENV.dll
0x00007ffe613d0000 - 0x00007ffe613db000 	C:\WINDOWS\SYSTEM32\CRYPTBASE.dll
0x00007ffe60f90000 - 0x00007ffe60fc8000 	C:\WINDOWS\SYSTEM32\IPHLPAPI.DLL
0x00007ffe63210000 - 0x00007ffe63218000 	C:\WINDOWS\System32\NSI.dll
0x00007ffe5b1b0000 - 0x00007ffe5b1c6000 	C:\WINDOWS\SYSTEM32\dhcpcsvc6.DLL
0x00007ffe5b130000 - 0x00007ffe5b14a000 	C:\WINDOWS\SYSTEM32\dhcpcsvc.DLL

VM Arguments:
jvm_args: -Xmx1536m -Dfile.encoding=GBK -Duser.country=CN -Duser.language=zh -Duser.variant 
java_command: org.gradle.launcher.daemon.bootstrap.GradleDaemon 5.1.1
java_class_path (initial): C:\Users\Administrator\.gradle\wrapper\dists\gradle-5.1.1-all\97z1ksx6lirer3kbvdnh7jtjg\gradle-5.1.1\lib\gradle-launcher-5.1.1.jar
Launcher Type: SUN_STANDARD

Environment Variables:
JAVA_HOME=C:\Program Files\Java\jdk1.8.0_131
CLASSPATH=.;C:\Program Files\Java\jdk1.8.0_131\lib\dt.jar;C:\Program Files\Java\jdk1.8.0_131\lib\tools.jar
USERNAME=Administrator
OS=Windows_NT
PROCESSOR_IDENTIFIER=Intel64 Family 6 Model 94 Stepping 3, GenuineIntel



---------------  S Y S T E M  ---------------

OS: Windows 10.0 , 64 bit Build 17134 (10.0.17134.753)

CPU:total 4 (initial active 4) (4 cores per cpu, 1 threads per core) family 6 model 94 stepping 3, cmov, cx8, fxsr, mmx, sse, sse2, sse3, ssse3, sse4.1, sse4.2, popcnt, avx, avx2, aes, clmul, erms, 3dnowpref, lzcnt, tsc, tscinvbit, bmi1, bmi2, adx

Memory: 4k page, physical 16674352k(6830040k free), swap 17722928k(6204k free)

vm_info: OpenJDK 64-Bit Server VM (25.152-b01) for windows-amd64 JRE (1.8.0_152-release-1343-b01), built by "builder" with MS VC++ 10.0 (VS2010)

time: Sat Sep 07 11:58:26 2019
elapsed time: 153 seconds (0d 0h 2m 33s)

