#
# There is insufficient memory for the Java Runtime Environment to continue.
# Native memory allocation (malloc) failed to allocate 1447696 bytes for Chunk::new
# Possible reasons:
#   The system is out of physical RAM or swap space
#   In 32 bit mode, the process size limit was hit
# Possible solutions:
#   Reduce memory load on the system
#   Increase physical memory or swap space
#   Check if swap backing store is full
#   Use 64 bit Java on a 64 bit OS
#   Decrease Java heap size (-Xmx/-Xms)
#   Decrease number of Java threads
#   Decrease Java thread stack sizes (-Xss)
#   Set larger code cache with -XX:ReservedCodeCacheSize=
# This output file may be truncated or incomplete.
#
#  Out of Memory Error (allocation.cpp:390), pid=8548, tid=0x00000000000042a4
#
# JRE version: OpenJDK Runtime Environment (8.0_152-b01) (build 1.8.0_152-release-1343-b01)
# Java VM: OpenJDK 64-Bit Server VM (25.152-b01 mixed mode windows-amd64 compressed oops)
# Failed to write core dump. Minidumps are not enabled by default on client versions of Windows
#

---------------  T H R E A D  ---------------

Current thread (0x0000000017aca000):  JavaThread "C2 CompilerThread1" daemon [_thread_in_native, id=17060, stack(0x00000000181c0000,0x00000000182c0000)]

Stack: [0x00000000181c0000,0x00000000182c0000]
[error occurred during error reporting (printing stack bounds), id 0xc0000005]

Native frames: (J=compiled Java code, j=interpreted, Vv=VM code, C=native code)


Current CompileTask:
C2: 109155 11467       4       com.android.utils.XmlUtils::append (540 bytes)


---------------  P R O C E S S  ---------------

Java Threads: ( => current thread )
  0x000000001ef67800 JavaThread "Cache worker for execution history cache (E:\Projects\Android\bangguo\.gradle\5.1.1\executionHistory)" [_thread_blocked, id=14184, stack(0x0000000026a10000,0x0000000026b10000)]
  0x000000001ef66000 JavaThread "Execution worker for ':' Thread 3" [_thread_blocked, id=18356, stack(0x0000000026910000,0x0000000026a10000)]
  0x000000001ef65000 JavaThread "Execution worker for ':' Thread 2" [_thread_blocked, id=20128, stack(0x0000000026810000,0x0000000026910000)]
  0x0000000019709000 JavaThread "Execution worker for ':'" [_thread_in_Java, id=19368, stack(0x0000000026710000,0x0000000026810000)]
  0x0000000019703000 JavaThread "Cache worker for file content cache (E:\Projects\Android\bangguo\.gradle\5.1.1\fileContent)" [_thread_blocked, id=10204, stack(0x0000000026610000,0x0000000026710000)]
  0x000000001f4e5000 JavaThread "Cache worker for file content cache (C:\Users\Administrator\.gradle\caches\5.1.1\fileContent)" [_thread_blocked, id=16592, stack(0x0000000026510000,0x0000000026610000)]
  0x000000001f4e3800 JavaThread "Cache worker for Build Output Cleanup Cache (E:\Projects\Android\bangguo\.gradle\buildOutputCleanup)" [_thread_blocked, id=13800, stack(0x0000000026410000,0x0000000026510000)]
  0x000000001f4e2800 JavaThread "pool-5-thread-1" [_thread_blocked, id=19688, stack(0x0000000026310000,0x0000000026410000)]
  0x000000001f4e8800 JavaThread "Build operations Thread 4" [_thread_blocked, id=8880, stack(0x0000000026210000,0x0000000026310000)]
  0x000000001f4e7000 JavaThread "Build operations Thread 3" [_thread_blocked, id=3204, stack(0x0000000026110000,0x0000000026210000)]
  0x000000001f4e4000 JavaThread "Build operations Thread 2" [_thread_blocked, id=14036, stack(0x0000000026010000,0x0000000026110000)]
  0x000000001f4e6800 JavaThread "Build operations" [_thread_blocked, id=16944, stack(0x0000000025f10000,0x0000000026010000)]
  0x000000001f4e5800 JavaThread "Cache worker for cache directory md-rule (C:\Users\Administrator\.gradle\caches\5.1.1\md-rule)" [_thread_blocked, id=19712, stack(0x0000000025e10000,0x0000000025f10000)]
  0x000000001f4e9800 JavaThread "Cache worker for cache directory md-supplier (C:\Users\Administrator\.gradle\caches\5.1.1\md-supplier)" [_thread_blocked, id=16528, stack(0x0000000025d10000,0x0000000025e10000)]
  0x000000001f4db000 JavaThread "Cache worker for file hash cache (E:\Projects\Android\bangguo\.gradle\5.1.1\fileHashes)" [_thread_blocked, id=15244, stack(0x0000000025c10000,0x0000000025d10000)]
  0x000000001f4e2000 JavaThread "Thread-59" [_thread_blocked, id=17336, stack(0x0000000025b10000,0x0000000025c10000)]
  0x000000001f4da800 JavaThread "Stdin handler" [_thread_blocked, id=15160, stack(0x0000000025a10000,0x0000000025b10000)]
  0x000000001f4df800 JavaThread "Asynchronous log dispatcher for DefaultDaemonConnection: socket connection from /127.0.0.1:58632 to /127.0.0.1:58756" [_thread_blocked, id=17644, stack(0x0000000025910000,0x0000000025a10000)]
  0x000000001f4df000 JavaThread "Cancel handler" [_thread_blocked, id=13984, stack(0x0000000025810000,0x0000000025910000)]
  0x000000001f4e1000 JavaThread "Handler for socket connection from /127.0.0.1:58632 to /127.0.0.1:58756" [_thread_in_native, id=10824, stack(0x0000000025710000,0x0000000025810000)]
  0x000000001f4e8000 JavaThread "Memory manager" [_thread_blocked, id=15712, stack(0x0000000023e10000,0x0000000023f10000)]
  0x000000001f4dc800 JavaThread "Daemon worker Thread 2" [_thread_blocked, id=18476, stack(0x0000000023110000,0x0000000023210000)]
  0x000000001f4dc000 JavaThread "Daemon Thread 2" [_thread_blocked, id=17276, stack(0x0000000022b80000,0x0000000022c80000)]
  0x0000000019704000 JavaThread "Cache worker for execution history cache (C:\Users\Administrator\.gradle\caches\5.1.1\executionHistory)" [_thread_blocked, id=12584, stack(0x000000001fe10000,0x000000001ff10000)]
  0x0000000019705800 JavaThread "Cache worker for journal cache (C:\Users\Administrator\.gradle\caches\journal-1)" [_thread_blocked, id=17576, stack(0x000000001bd10000,0x000000001be10000)]
  0x000000001970a000 JavaThread "File lock request listener" [_thread_in_native, id=9352, stack(0x000000001bc10000,0x000000001bd10000)]
  0x0000000019715800 JavaThread "Cache worker for file hash cache (C:\Users\Administrator\.gradle\caches\5.1.1\fileHashes)" [_thread_blocked, id=4544, stack(0x000000001bb10000,0x000000001bc10000)]
  0x00000000191c4800 JavaThread "Daemon periodic checks" [_thread_blocked, id=14724, stack(0x000000001b110000,0x000000001b210000)]
  0x0000000018f94000 JavaThread "Incoming local TCP Connector on port 58632" [_thread_in_native, id=16172, stack(0x000000001af60000,0x000000001b060000)]
  0x0000000017b57000 JavaThread "Service Thread" daemon [_thread_blocked, id=19640, stack(0x00000000183c0000,0x00000000184c0000)]
  0x0000000017ad9000 JavaThread "C1 CompilerThread2" daemon [_thread_in_native, id=1548, stack(0x00000000182c0000,0x00000000183c0000)]
=>0x0000000017aca000 JavaThread "C2 CompilerThread1" daemon [_thread_in_native, id=17060, stack(0x00000000181c0000,0x00000000182c0000)]
  0x000000001676a000 JavaThread "C2 CompilerThread0" daemon [_thread_in_native, id=11260, stack(0x00000000180c0000,0x00000000181c0000)]
  0x0000000016709000 JavaThread "Attach Listener" daemon [_thread_blocked, id=10420, stack(0x0000000017fc0000,0x00000000180c0000)]
  0x0000000016720000 JavaThread "Signal Dispatcher" daemon [_thread_blocked, id=20096, stack(0x0000000017ec0000,0x0000000017fc0000)]
  0x00000000166f9800 JavaThread "Finalizer" daemon [_thread_blocked, id=18220, stack(0x0000000017960000,0x0000000017a60000)]
  0x0000000002d41000 JavaThread "Reference Handler" daemon [_thread_blocked, id=3960, stack(0x0000000017860000,0x0000000017960000)]
  0x0000000002c52800 JavaThread "main" [_thread_blocked, id=14840, stack(0x00000000027e0000,0x00000000028e0000)]

Other Threads:
  0x00000000166d7800 VMThread [stack: 0x0000000017760000,0x0000000017860000] [id=17816]
  0x0000000017b58000 WatcherThread [stack: 0x00000000184c0000,0x00000000185c0000] [id=17056]

VM state:not at safepoint (normal execution)

VM Mutex/Monitor currently owned by a thread: None

Heap:
 PSYoungGen      total 293888K, used 37764K [0x00000000e0000000, 0x00000000f3b00000, 0x0000000100000000)
  eden space 268288K, 4% used [0x00000000e0000000,0x00000000e0be6d60,0x00000000f0600000)
  from space 25600K, 99% used [0x00000000f0600000,0x00000000f1efa5f0,0x00000000f1f00000)
  to   space 22528K, 0% used [0x00000000f1f00000,0x00000000f1f00000,0x00000000f3500000)
 ParOldGen       total 235008K, used 54528K [0x00000000a0000000, 0x00000000ae580000, 0x00000000e0000000)
  object space 235008K, 23% used [0x00000000a0000000,0x00000000a3540370,0x00000000ae580000)
 Metaspace       used 71612K, capacity 74448K, committed 74712K, reserved 1114112K
  class space    used 9306K, capacity 9876K, committed 9944K, reserved 1048576K

Card table byte_map: [0x0000000012160000,0x0000000012470000] byte_map_base: 0x0000000011c60000

Marking Bits: (ParMarkBitMap*) 0x0000000075405aa0
 Begin Bits: [0x0000000012a70000, 0x0000000014270000)
 End Bits:   [0x0000000014270000, 0x0000000015a70000)

Polling page: 0x00000000007f0000

CodeCache: size=245760Kb used=33564Kb max_used=33572Kb free=212195Kb
 bounds [0x0000000002da0000, 0x0000000004e90000, 0x0000000011da0000]
 total_blobs=10885 nmethods=10068 adapters=729
 compilation: enabled

Compilation events (10 events):
Event: 109.135 Thread 0x000000001676a000 nmethod 11615 0x0000000004e87bd0 code [0x0000000004e87de0, 0x0000000004e89430]
Event: 109.135 Thread 0x0000000017ad9000 11626       3       java.io.Writer::append (7 bytes)
Event: 109.135 Thread 0x000000001676a000 11593       4       com.android.ide.common.blame.SourceFile::equals (55 bytes)
Event: 109.136 Thread 0x0000000017ad9000 nmethod 11626 0x0000000004e84dd0 code [0x0000000004e84f40, 0x0000000004e85168]
Event: 109.136 Thread 0x0000000017ad9000 11627       1       java.util.concurrent.ConcurrentHashMap$MapEntry::getKey (5 bytes)
Event: 109.136 Thread 0x0000000017ad9000 nmethod 11627 0x0000000004e6fc10 code [0x0000000004e6fd60, 0x0000000004e6fe70]
Event: 109.136 Thread 0x0000000017ad9000 11628       1       com.android.ide.common.blame.SourceFile::getDescription (5 bytes)
Event: 109.136 Thread 0x0000000017ad9000 nmethod 11628 0x0000000004e84b10 code [0x0000000004e84c60, 0x0000000004e84d70]
Event: 109.136 Thread 0x0000000017ad9000 11629       1       java.util.concurrent.ConcurrentHashMap$MapEntry::getValue (5 bytes)
Event: 109.136 Thread 0x0000000017ad9000 nmethod 11629 0x0000000004e84850 code [0x0000000004e849a0, 0x0000000004e84ab0]

GC Heap History (10 events):
Event: 85.315 GC heap before
{Heap before GC invocations=10 (full 2):
 PSYoungGen      total 171520K, used 145672K [0x00000000e0000000, 0x00000000f0080000, 0x0000000100000000)
  eden space 157184K, 83% used [0x00000000e0000000,0x00000000e80444f0,0x00000000e9980000)
  from space 14336K, 99% used [0x00000000e9980000,0x00000000ea77dcb8,0x00000000ea780000)
  to   space 18432K, 0% used [0x00000000eee80000,0x00000000eee80000,0x00000000f0080000)
 ParOldGen       total 168448K, used 22760K [0x00000000a0000000, 0x00000000aa480000, 0x00000000e0000000)
  object space 168448K, 13% used [0x00000000a0000000,0x00000000a163a190,0x00000000aa480000)
 Metaspace       used 57284K, capacity 59028K, committed 59096K, reserved 1099776K
  class space    used 7453K, capacity 7840K, committed 7896K, reserved 1048576K
Event: 85.335 GC heap after
Heap after GC invocations=10 (full 2):
 PSYoungGen      total 233472K, used 18421K [0x00000000e0000000, 0x00000000f0080000, 0x0000000100000000)
  eden space 215040K, 0% used [0x00000000e0000000,0x00000000e0000000,0x00000000ed200000)
  from space 18432K, 99% used [0x00000000eee80000,0x00000000f007d5f8,0x00000000f0080000)
  to   space 20992K, 0% used [0x00000000ed780000,0x00000000ed780000,0x00000000eec00000)
 ParOldGen       total 168448K, used 23769K [0x00000000a0000000, 0x00000000aa480000, 0x00000000e0000000)
  object space 168448K, 14% used [0x00000000a0000000,0x00000000a1736520,0x00000000aa480000)
 Metaspace       used 57284K, capacity 59028K, committed 59096K, reserved 1099776K
  class space    used 7453K, capacity 7840K, committed 7896K, reserved 1048576K
}
Event: 85.335 GC heap before
{Heap before GC invocations=11 (full 3):
 PSYoungGen      total 233472K, used 18421K [0x00000000e0000000, 0x00000000f0080000, 0x0000000100000000)
  eden space 215040K, 0% used [0x00000000e0000000,0x00000000e0000000,0x00000000ed200000)
  from space 18432K, 99% used [0x00000000eee80000,0x00000000f007d5f8,0x00000000f0080000)
  to   space 20992K, 0% used [0x00000000ed780000,0x00000000ed780000,0x00000000eec00000)
 ParOldGen       total 168448K, used 23769K [0x00000000a0000000, 0x00000000aa480000, 0x00000000e0000000)
  object space 168448K, 14% used [0x00000000a0000000,0x00000000a1736520,0x00000000aa480000)
 Metaspace       used 57284K, capacity 59028K, committed 59096K, reserved 1099776K
  class space    used 7453K, capacity 7840K, committed 7896K, reserved 1048576K
Event: 85.464 GC heap after
Heap after GC invocations=11 (full 3):
 PSYoungGen      total 233472K, used 0K [0x00000000e0000000, 0x00000000f0080000, 0x0000000100000000)
  eden space 215040K, 0% used [0x00000000e0000000,0x00000000e0000000,0x00000000ed200000)
  from space 18432K, 0% used [0x00000000eee80000,0x00000000eee80000,0x00000000f0080000)
  to   space 20992K, 0% used [0x00000000ed780000,0x00000000ed780000,0x00000000eec00000)
 ParOldGen       total 235008K, used 33936K [0x00000000a0000000, 0x00000000ae580000, 0x00000000e0000000)
  object space 235008K, 14% used [0x00000000a0000000,0x00000000a2124068,0x00000000ae580000)
 Metaspace       used 57284K, capacity 59028K, committed 59096K, reserved 1099776K
  class space    used 7453K, capacity 7840K, committed 7896K, reserved 1048576K
}
Event: 88.712 GC heap before
{Heap before GC invocations=12 (full 3):
 PSYoungGen      total 233472K, used 215040K [0x00000000e0000000, 0x00000000f0080000, 0x0000000100000000)
  eden space 215040K, 100% used [0x00000000e0000000,0x00000000ed200000,0x00000000ed200000)
  from space 18432K, 0% used [0x00000000eee80000,0x00000000eee80000,0x00000000f0080000)
  to   space 20992K, 0% used [0x00000000ed780000,0x00000000ed780000,0x00000000eec00000)
 ParOldGen       total 235008K, used 33936K [0x00000000a0000000, 0x00000000ae580000, 0x00000000e0000000)
  object space 235008K, 14% used [0x00000000a0000000,0x00000000a2124068,0x00000000ae580000)
 Metaspace       used 66305K, capacity 68610K, committed 68696K, reserved 1107968K
  class space    used 8746K, capacity 9247K, committed 9304K, reserved 1048576K
Event: 88.734 GC heap after
Heap after GC invocations=12 (full 3):
 PSYoungGen      total 241664K, used 17732K [0x00000000e0000000, 0x00000000f3500000, 0x0000000100000000)
  eden space 220672K, 0% used [0x00000000e0000000,0x00000000e0000000,0x00000000ed780000)
  from space 20992K, 84% used [0x00000000ed780000,0x00000000ee8d1218,0x00000000eec00000)
  to   space 22528K, 0% used [0x00000000f1f00000,0x00000000f1f00000,0x00000000f3500000)
 ParOldGen       total 235008K, used 33944K [0x00000000a0000000, 0x00000000ae580000, 0x00000000e0000000)
  object space 235008K, 14% used [0x00000000a0000000,0x00000000a2126068,0x00000000ae580000)
 Metaspace       used 66305K, capacity 68610K, committed 68696K, reserved 1107968K
  class space    used 8746K, capacity 9247K, committed 9304K, reserved 1048576K
}
Event: 102.143 GC heap before
{Heap before GC invocations=13 (full 3):
 PSYoungGen      total 241664K, used 238404K [0x00000000e0000000, 0x00000000f3500000, 0x0000000100000000)
  eden space 220672K, 100% used [0x00000000e0000000,0x00000000ed780000,0x00000000ed780000)
  from space 20992K, 84% used [0x00000000ed780000,0x00000000ee8d1218,0x00000000eec00000)
  to   space 22528K, 0% used [0x00000000f1f00000,0x00000000f1f00000,0x00000000f3500000)
 ParOldGen       total 235008K, used 33944K [0x00000000a0000000, 0x00000000ae580000, 0x00000000e0000000)
  object space 235008K, 14% used [0x00000000a0000000,0x00000000a2126068,0x00000000ae580000)
 Metaspace       used 69833K, capacity 72634K, committed 72792K, reserved 1112064K
  class space    used 9160K, capacity 9733K, committed 9816K, reserved 1048576K
Event: 102.169 GC heap after
Heap after GC invocations=13 (full 3):
 PSYoungGen      total 290816K, used 22513K [0x00000000e0000000, 0x00000000f3b00000, 0x0000000100000000)
  eden space 268288K, 0% used [0x00000000e0000000,0x00000000e0000000,0x00000000f0600000)
  from space 22528K, 99% used [0x00000000f1f00000,0x00000000f34fc4c8,0x00000000f3500000)
  to   space 25600K, 0% used [0x00000000f0600000,0x00000000f0600000,0x00000000f1f00000)
 ParOldGen       total 235008K, used 34696K [0x00000000a0000000, 0x00000000ae580000, 0x00000000e0000000)
  object space 235008K, 14% used [0x00000000a0000000,0x00000000a21e2220,0x00000000ae580000)
 Metaspace       used 69833K, capacity 72634K, committed 72792K, reserved 1112064K
  class space    used 9160K, capacity 9733K, committed 9816K, reserved 1048576K
}
Event: 108.984 GC heap before
{Heap before GC invocations=14 (full 3):
 PSYoungGen      total 290816K, used 290801K [0x00000000e0000000, 0x00000000f3b00000, 0x0000000100000000)
  eden space 268288K, 100% used [0x00000000e0000000,0x00000000f0600000,0x00000000f0600000)
  from space 22528K, 99% used [0x00000000f1f00000,0x00000000f34fc4c8,0x00000000f3500000)
  to   space 25600K, 0% used [0x00000000f0600000,0x00000000f0600000,0x00000000f1f00000)
 ParOldGen       total 235008K, used 34696K [0x00000000a0000000, 0x00000000ae580000, 0x00000000e0000000)
  object space 235008K, 14% used [0x00000000a0000000,0x00000000a21e2220,0x00000000ae580000)
 Metaspace       used 71560K, capacity 74378K, committed 74712K, reserved 1114112K
  class space    used 9301K, capacity 9875K, committed 9944K, reserved 1048576K
Event: 109.031 GC heap after
Heap after GC invocations=14 (full 3):
 PSYoungGen      total 293888K, used 25577K [0x00000000e0000000, 0x00000000f3b00000, 0x0000000100000000)
  eden space 268288K, 0% used [0x00000000e0000000,0x00000000e0000000,0x00000000f0600000)
  from space 25600K, 99% used [0x00000000f0600000,0x00000000f1efa5f0,0x00000000f1f00000)
  to   space 22528K, 0% used [0x00000000f1f00000,0x00000000f1f00000,0x00000000f3500000)
 ParOldGen       total 235008K, used 54528K [0x00000000a0000000, 0x00000000ae580000, 0x00000000e0000000)
  object space 235008K, 23% used [0x00000000a0000000,0x00000000a3540370,0x00000000ae580000)
 Metaspace       used 71560K, capacity 74378K, committed 74712K, reserved 1114112K
  class space    used 9301K, capacity 9875K, committed 9944K, reserved 1048576K
}

Deoptimization events (10 events):
Event: 108.759 Thread 0x0000000019709000 Uncommon trap: reason=unstable_if action=reinterpret pc=0x00000000031cb314 method=com.sun.org.apache.xerces.internal.dom.ParentNode.nodeListItem(I)Lorg/w3c/dom/Node; @ 139
Event: 108.762 Thread 0x0000000019709000 Uncommon trap: reason=unstable_if action=reinterpret pc=0x00000000049c5d98 method=java.io.File.equals(Ljava/lang/Object;)Z @ 1
Event: 108.792 Thread 0x0000000019709000 Uncommon trap: reason=null_check action=make_not_entrant pc=0x0000000004dc4108 method=com.android.ide.common.resources.NodeUtils.processSingleNodeNamespace(Lorg/w3c/dom/Node;Lorg/w3c/dom/Document;)Z @ 8
Event: 108.827 Thread 0x0000000019709000 Uncommon trap: reason=class_check action=maybe_recompile pc=0x0000000004df1fbc method=com.sun.org.apache.xerces.internal.dom.NamedNodeMapImpl.item(I)Lorg/w3c/dom/Node; @ 33
Event: 108.827 Thread 0x0000000019709000 Uncommon trap: reason=null_check action=make_not_entrant pc=0x0000000004df1fd8 method=com.android.ide.common.resources.NodeUtils.processSingleNodeNamespace(Lorg/w3c/dom/Node;Lorg/w3c/dom/Document;)Z @ 8
Event: 108.828 Thread 0x0000000019709000 Uncommon trap: reason=class_check action=maybe_recompile pc=0x0000000004decec0 method=com.sun.org.apache.xerces.internal.dom.NamedNodeMapImpl.item(I)Lorg/w3c/dom/Node; @ 33
Event: 108.828 Thread 0x0000000019709000 Uncommon trap: reason=class_check action=maybe_recompile pc=0x0000000004decec0 method=com.sun.org.apache.xerces.internal.dom.NamedNodeMapImpl.item(I)Lorg/w3c/dom/Node; @ 33
Event: 108.829 Thread 0x0000000019709000 Uncommon trap: reason=class_check action=maybe_recompile pc=0x0000000004decec0 method=com.sun.org.apache.xerces.internal.dom.NamedNodeMapImpl.item(I)Lorg/w3c/dom/Node; @ 33
Event: 109.065 Thread 0x0000000019709000 Uncommon trap: reason=unstable_if action=reinterpret pc=0x0000000004e6f55c method=java.io.BufferedWriter.min(II)I @ 2
Event: 109.067 Thread 0x0000000019709000 Uncommon trap: reason=unstable_if action=reinterpret pc=0x0000000004e69188 method=java.io.BufferedWriter.min(II)I @ 2

Classes redefined (0 events):
No events

Internal exceptions (10 events):
Event: 106.444 Thread 0x000000001f4dc800 Exception <a 'sun/nio/fs/WindowsException'> (0x00000000e2f420e8) thrown at [D:\src\AOSP-openjdk-cygwin\jdk8u\hotspot\src\share\vm\prims\jni.cpp, line 709]
Event: 106.444 Thread 0x000000001f4dc800 Exception <a 'sun/nio/fs/WindowsException'> (0x00000000e2f442e0) thrown at [D:\src\AOSP-openjdk-cygwin\jdk8u\hotspot\src\share\vm\prims\jni.cpp, line 709]
Event: 106.444 Thread 0x000000001f4dc800 Exception <a 'sun/nio/fs/WindowsException'> (0x00000000e2f45110) thrown at [D:\src\AOSP-openjdk-cygwin\jdk8u\hotspot\src\share\vm\prims\jni.cpp, line 709]
Event: 106.941 Thread 0x000000001ef66000 Implicit null exception at 0x00000000049ba559 to 0x00000000049babd1
Event: 107.402 Thread 0x000000001ef66000 Exception <a 'sun/nio/fs/WindowsException'> (0x00000000e87eb968) thrown at [D:\src\AOSP-openjdk-cygwin\jdk8u\hotspot\src\share\vm\prims\jni.cpp, line 709]
Event: 107.595 Thread 0x0000000019709000 Exception <a 'sun/nio/fs/WindowsException'> (0x00000000e906b040) thrown at [D:\src\AOSP-openjdk-cygwin\jdk8u\hotspot\src\share\vm\prims\jni.cpp, line 709]
Event: 108.682 Thread 0x0000000019709000 Implicit null exception at 0x0000000004d74a6c to 0x0000000004d75030
Event: 108.762 Thread 0x0000000019709000 Implicit null exception at 0x00000000049c576f to 0x00000000049c5d85
Event: 108.792 Thread 0x0000000019709000 Implicit null exception at 0x0000000004dc3d97 to 0x0000000004dc40f9
Event: 108.827 Thread 0x0000000019709000 Implicit null exception at 0x0000000004def8bf to 0x0000000004df1fbd

Events (10 events):
Event: 109.040 loading class com/android/ide/common/blame/MergingLogPersistUtil$SourcePositionsSerializer$Kind
Event: 109.040 loading class com/android/ide/common/blame/MergingLogPersistUtil$SourcePositionsSerializer$Kind done
Event: 109.064 Thread 0x0000000019709000 Uncommon trap: trap_request=0xffffff65 fr.pc=0x0000000004e6f55c
Event: 109.064 Executing VM operation: RevokeBias
Event: 109.065 Executing VM operation: RevokeBias done
Event: 109.065 Thread 0x0000000019709000 DEOPT PACKING pc=0x0000000004e6f55c sp=0x000000002680bbb0
Event: 109.065 Thread 0x0000000019709000 DEOPT UNPACKING pc=0x0000000002de557b sp=0x000000002680baf0 mode 2
Event: 109.067 Thread 0x0000000019709000 Uncommon trap: trap_request=0xffffff65 fr.pc=0x0000000004e69188
Event: 109.067 Thread 0x0000000019709000 DEOPT PACKING pc=0x0000000004e69188 sp=0x000000002680bba0
Event: 109.067 Thread 0x0000000019709000 DEOPT UNPACKING pc=0x0000000002de557b sp=0x000000002680ba70 mode 2


Dynamic libraries:
0x00007ff7226b0000 - 0x00007ff7226e1000 	D:\Program Files\Android\Android Studio\jre\bin\java.exe
0x00007ffe656f0000 - 0x00007ffe658d1000 	C:\WINDOWS\SYSTEM32\ntdll.dll
0x00007ffe63290000 - 0x00007ffe63341000 	C:\WINDOWS\System32\KERNEL32.DLL
0x00007ffe62170000 - 0x00007ffe623e3000 	C:\WINDOWS\System32\KERNELBASE.dll
0x00007ffe633d0000 - 0x00007ffe63471000 	C:\WINDOWS\System32\ADVAPI32.dll
0x00007ffe655a0000 - 0x00007ffe6563e000 	C:\WINDOWS\System32\msvcrt.dll
0x00007ffe65660000 - 0x00007ffe656bb000 	C:\WINDOWS\System32\sechost.dll
0x00007ffe630b0000 - 0x00007ffe631d4000 	C:\WINDOWS\System32\RPCRT4.dll
0x00007ffe649d0000 - 0x00007ffe64b60000 	C:\WINDOWS\System32\USER32.dll
0x00007ffe61fa0000 - 0x00007ffe61fc0000 	C:\WINDOWS\System32\win32u.dll
0x00007ffe64ed0000 - 0x00007ffe64ef8000 	C:\WINDOWS\System32\GDI32.dll
0x00007ffe61b60000 - 0x00007ffe61cf1000 	C:\WINDOWS\System32\gdi32full.dll
0x00007ffe61ac0000 - 0x00007ffe61b5f000 	C:\WINDOWS\System32\msvcp_win.dll
0x00007ffe62070000 - 0x00007ffe62168000 	C:\WINDOWS\System32\ucrtbase.dll
0x00007ffe53f40000 - 0x00007ffe541a9000 	C:\WINDOWS\WinSxS\amd64_microsoft.windows.common-controls_6595b64144ccf1df_6.0.17134.885_none_fb42a3473065565f\COMCTL32.dll
0x00007ffe62be0000 - 0x00007ffe62f02000 	C:\WINDOWS\System32\combase.dll
0x00007ffe62b00000 - 0x00007ffe62b79000 	C:\WINDOWS\System32\bcryptPrimitives.dll
0x00007ffe631e0000 - 0x00007ffe6320d000 	C:\WINDOWS\System32\IMM32.DLL
0x0000000074a60000 - 0x0000000074b32000 	D:\Program Files\Android\Android Studio\jre\jre\bin\msvcr100.dll
0x0000000074c40000 - 0x0000000075481000 	D:\Program Files\Android\Android Studio\jre\jre\bin\server\jvm.dll
0x00007ffe63220000 - 0x00007ffe63228000 	C:\WINDOWS\System32\PSAPI.DLL
0x00007ffe51760000 - 0x00007ffe51769000 	C:\WINDOWS\SYSTEM32\WSOCK32.dll
0x00007ffe5d080000 - 0x00007ffe5d08a000 	C:\WINDOWS\SYSTEM32\VERSION.dll
0x00007ffe5fc70000 - 0x00007ffe5fc93000 	C:\WINDOWS\SYSTEM32\WINMM.dll
0x00007ffe64ce0000 - 0x00007ffe64d4c000 	C:\WINDOWS\System32\WS2_32.dll
0x00007ffe5fb40000 - 0x00007ffe5fb6a000 	C:\WINDOWS\SYSTEM32\WINMMBASE.dll
0x00007ffe61f50000 - 0x00007ffe61f99000 	C:\WINDOWS\System32\cfgmgr32.dll
0x00007ffe53920000 - 0x00007ffe5392f000 	D:\Program Files\Android\Android Studio\jre\jre\bin\verify.dll
0x00007ffe50ac0000 - 0x00007ffe50ae9000 	D:\Program Files\Android\Android Studio\jre\jre\bin\java.dll
0x00007ffe50a40000 - 0x00007ffe50a56000 	D:\Program Files\Android\Android Studio\jre\jre\bin\zip.dll
0x00007ffe63480000 - 0x00007ffe648c0000 	C:\WINDOWS\System32\SHELL32.dll
0x00007ffe648c0000 - 0x00007ffe64969000 	C:\WINDOWS\System32\shcore.dll
0x00007ffe623f0000 - 0x00007ffe62afd000 	C:\WINDOWS\System32\windows.storage.dll
0x00007ffe63230000 - 0x00007ffe63281000 	C:\WINDOWS\System32\shlwapi.dll
0x00007ffe61a20000 - 0x00007ffe61a31000 	C:\WINDOWS\System32\kernel.appcore.dll
0x00007ffe61a50000 - 0x00007ffe61a6f000 	C:\WINDOWS\System32\profapi.dll
0x00007ffe61a70000 - 0x00007ffe61abc000 	C:\WINDOWS\System32\powrprof.dll
0x00007ffe61a40000 - 0x00007ffe61a4a000 	C:\WINDOWS\System32\FLTLIB.DLL
0x00007ffe48e20000 - 0x00007ffe48e3a000 	D:\Program Files\Android\Android Studio\jre\jre\bin\net.dll
0x00007ffe61200000 - 0x00007ffe61266000 	C:\WINDOWS\system32\mswsock.dll
0x00007ffe48e00000 - 0x00007ffe48e11000 	D:\Program Files\Android\Android Studio\jre\jre\bin\nio.dll
0x00007ffe54fc0000 - 0x00007ffe54fde000 	C:\Users\Administrator\.gradle\native\25\windows-amd64\native-platform.dll
0x00007ffe52060000 - 0x00007ffe5206d000 	D:\Program Files\Android\Android Studio\jre\jre\bin\management.dll
0x00007ffe613b0000 - 0x00007ffe613c7000 	C:\WINDOWS\SYSTEM32\CRYPTSP.dll
0x00007ffe60df0000 - 0x00007ffe60e23000 	C:\WINDOWS\system32\rsaenh.dll
0x00007ffe614e0000 - 0x00007ffe61505000 	C:\WINDOWS\SYSTEM32\bcrypt.dll
0x00007ffe61900000 - 0x00007ffe61928000 	C:\WINDOWS\SYSTEM32\USERENV.dll
0x00007ffe613d0000 - 0x00007ffe613db000 	C:\WINDOWS\SYSTEM32\CRYPTBASE.dll
0x00007ffe60f90000 - 0x00007ffe60fc8000 	C:\WINDOWS\SYSTEM32\IPHLPAPI.DLL
0x00007ffe63210000 - 0x00007ffe63218000 	C:\WINDOWS\System32\NSI.dll
0x00007ffe5b1b0000 - 0x00007ffe5b1c6000 	C:\WINDOWS\SYSTEM32\dhcpcsvc6.DLL
0x00007ffe5b130000 - 0x00007ffe5b14a000 	C:\WINDOWS\SYSTEM32\dhcpcsvc.DLL

VM Arguments:
jvm_args: -Xmx1536m -Dfile.encoding=GBK -Duser.country=CN -Duser.language=zh -Duser.variant 
java_command: org.gradle.launcher.daemon.bootstrap.GradleDaemon 5.1.1
java_class_path (initial): C:\Users\Administrator\.gradle\wrapper\dists\gradle-5.1.1-all\97z1ksx6lirer3kbvdnh7jtjg\gradle-5.1.1\lib\gradle-launcher-5.1.1.jar
Launcher Type: SUN_STANDARD

Environment Variables:
JAVA_HOME=C:\Program Files\Java\jdk1.8.0_131
CLASSPATH=.;C:\Program Files\Java\jdk1.8.0_131\lib\dt.jar;C:\Program Files\Java\jdk1.8.0_131\lib\tools.jar
USERNAME=Administrator
OS=Windows_NT
PROCESSOR_IDENTIFIER=Intel64 Family 6 Model 94 Stepping 3, GenuineIntel



---------------  S Y S T E M  ---------------

OS: Windows 10.0 , 64 bit Build 17134 (10.0.17134.753)

CPU:total 4 (initial active 4) (4 cores per cpu, 1 threads per core) family 6 model 94 stepping 3, cmov, cx8, fxsr, mmx, sse, sse2, sse3, ssse3, sse4.1, sse4.2, popcnt, avx, avx2, aes, clmul, erms, 3dnowpref, lzcnt, tsc, tscinvbit, bmi1, bmi2, adx

Memory: 4k page, physical 16674352k(6720024k free), swap 17722928k(5848k free)

vm_info: OpenJDK 64-Bit Server VM (25.152-b01) for windows-amd64 JRE (1.8.0_152-release-1343-b01), built by "builder" with MS VC++ 10.0 (VS2010)

time: Sat Sep 07 12:01:43 2019
elapsed time: 109 seconds (0d 0h 1m 49s)

